Using pre-set license
Built from '2021.3/staging' branch; Version is '2021.3.3f1 (af2e63e8f9bd) revision 11480675'; Using compiler version '192829333'; Build Type 'Release'
OS: 'Windows 10  (10.0.19044) 64bit ProfessionalEducation' Language: 'es' Physical Memory: 32697 MB
BatchMode: 1, IsHumanControllingUs: 0, StartBugReporterOnCrash: 0, Is64bit: 1, IsPro: 1

COMMAND LINE ARGUMENTS:
C:\2021.3.3f1\Editor\Unity.exe
-adb2
-batchMode
-noUpm
-name
AssetImportWorker6
-projectPath
C:/Users/PC/OneDrive/Escritorio/UAQ/ARIngenia/ARUAQ
-logFile
Logs/AssetImportWorker6.log
-srvPort
3582
Successfully changed project path to: C:/Users/PC/OneDrive/Escritorio/UAQ/ARIngenia/ARUAQ
C:/Users/PC/OneDrive/Escritorio/UAQ/ARIngenia/ARUAQ
[UnityMemory] Configuration Parameters - Can be set up in boot.config
    "memorysetup-bucket-allocator-granularity=16"
    "memorysetup-bucket-allocator-bucket-count=8"
    "memorysetup-bucket-allocator-block-size=33554432"
    "memorysetup-bucket-allocator-block-count=8"
    "memorysetup-main-allocator-block-size=16777216"
    "memorysetup-thread-allocator-block-size=16777216"
    "memorysetup-gfx-main-allocator-block-size=16777216"
    "memorysetup-gfx-thread-allocator-block-size=16777216"
    "memorysetup-cache-allocator-block-size=4194304"
    "memorysetup-typetree-allocator-block-size=2097152"
    "memorysetup-profiler-bucket-allocator-granularity=16"
    "memorysetup-profiler-bucket-allocator-bucket-count=8"
    "memorysetup-profiler-bucket-allocator-block-size=33554432"
    "memorysetup-profiler-bucket-allocator-block-count=8"
    "memorysetup-profiler-allocator-block-size=16777216"
    "memorysetup-profiler-editor-allocator-block-size=1048576"
    "memorysetup-temp-allocator-size-main=16777216"
    "memorysetup-job-temp-allocator-block-size=2097152"
    "memorysetup-job-temp-allocator-block-size-background=1048576"
    "memorysetup-job-temp-allocator-reduction-small-platforms=262144"
    "memorysetup-temp-allocator-size-background-worker=32768"
    "memorysetup-temp-allocator-size-job-worker=262144"
    "memorysetup-temp-allocator-size-preload-manager=33554432"
    "memorysetup-temp-allocator-size-nav-mesh-worker=65536"
    "memorysetup-temp-allocator-size-audio-worker=65536"
    "memorysetup-temp-allocator-size-cloud-worker=32768"
    "memorysetup-temp-allocator-size-gi-baking-worker=262144"
    "memorysetup-temp-allocator-size-gfx=262144"
Refreshing native plugins compatible for Editor in 256.96 ms, found 9 plugins.
Preloading 0 native plugins for Editor in 0.00 ms.
Initialize engine version: 2021.3.3f1 (af2e63e8f9bd)
[Subsystems] Discovering subsystems at path C:/2021.3.3f1/Editor/Data/Resources/UnitySubsystems
[Subsystems] Discovering subsystems at path C:/Users/PC/OneDrive/Escritorio/UAQ/ARIngenia/ARUAQ/Assets
GfxDevice: creating device client; threaded=0; jobified=0
Direct3D:
    Version:  Direct3D 11.0 [level 11.1]
    Renderer: NVIDIA GeForce RTX 2070 (ID=0x1f02)
    Vendor:   NVIDIA
    VRAM:     8031 MB
    Driver:   31.0.15.1694
Initialize mono
Mono path[0] = 'C:/2021.3.3f1/Editor/Data/Managed'
Mono path[1] = 'C:/2021.3.3f1/Editor/Data/MonoBleedingEdge/lib/mono/unityjit-win32'
Mono config path = 'C:/2021.3.3f1/Editor/Data/MonoBleedingEdge/etc'
Using monoOptions --debugger-agent=transport=dt_socket,embedding=1,server=y,suspend=n,address=127.0.0.1:56552
Begin MonoManager ReloadAssembly
Registering precompiled unity dll's ...
Register platform support module: C:/2021.3.3f1/Editor/Data/PlaybackEngines/AndroidPlayer/UnityEditor.Android.Extensions.dll
Register platform support module: C:/2021.3.3f1/Editor/Data/PlaybackEngines/WindowsStandaloneSupport/UnityEditor.WindowsStandalone.Extensions.dll
Registered in 0.007289 seconds.
Native extension for WindowsStandalone target not found
Native extension for Android target not found
Refreshing native plugins compatible for Editor in 208.03 ms, found 9 plugins.
Preloading 0 native plugins for Editor in 0.00 ms.
Mono: successfully reloaded assembly
- Completed reload, in  1.071 seconds
Domain Reload Profiling:
	ReloadAssembly (1071ms)
		BeginReloadAssembly (100ms)
			ExecutionOrderSort (0ms)
			DisableScriptedObjects (0ms)
			BackupInstance (0ms)
			ReleaseScriptingObjects (0ms)
			CreateAndSetChildDomain (1ms)
		EndReloadAssembly (809ms)
			LoadAssemblies (97ms)
			RebuildTransferFunctionScriptingTraits (0ms)
			SetupTypeCache (166ms)
			ReleaseScriptCaches (0ms)
			RebuildScriptCaches (38ms)
			SetupLoadedEditorAssemblies (530ms)
				LogAssemblyErrors (0ms)
				InitializePlatformSupportModulesInManaged (85ms)
				SetLoadedEditorAssemblies (1ms)
				RefreshPlugins (208ms)
				BeforeProcessingInitializeOnLoad (2ms)
				ProcessInitializeOnLoadAttributes (141ms)
				ProcessInitializeOnLoadMethodAttributes (94ms)
				AfterProcessingInitializeOnLoad (0ms)
				EditorAssembliesLoaded (0ms)
			ExecutionOrderSort2 (0ms)
			AwakeInstancesAfterBackupRestoration (0ms)
Platform modules already initialized, skipping
Registering precompiled user dll's ...
Registered in 0.014849 seconds.
Begin MonoManager ReloadAssembly
Symbol file LoadedFromMemory doesn't match image C:\Users\PC\OneDrive\Escritorio\UAQ\ARIngenia\ARUAQ\Library\PackageCache\com.unity.visualscripting@1.7.6\Editor\VisualScripting.Core\Dependencies\DotNetZip\Unity.VisualScripting.IonicZip.dll
Symbol file LoadedFromMemory doesn't match image C:\Users\PC\OneDrive\Escritorio\UAQ\ARIngenia\ARUAQ\Library\PackageCache\com.unity.visualscripting@1.7.6\Editor\VisualScripting.Core\Dependencies\YamlDotNet\Unity.VisualScripting.YamlDotNet.dll
Native extension for WindowsStandalone target not found
Native extension for Android target not found
Refreshing native plugins compatible for Editor in 187.61 ms, found 9 plugins.
Preloading 0 native plugins for Editor in 0.00 ms.
Package Manager log level set to [2]
Mono: successfully reloaded assembly
- Completed reload, in  2.331 seconds
Domain Reload Profiling:
	ReloadAssembly (2333ms)
		BeginReloadAssembly (270ms)
			ExecutionOrderSort (0ms)
			DisableScriptedObjects (8ms)
			BackupInstance (0ms)
			ReleaseScriptingObjects (0ms)
			CreateAndSetChildDomain (131ms)
		EndReloadAssembly (1881ms)
			LoadAssemblies (161ms)
			RebuildTransferFunctionScriptingTraits (0ms)
			SetupTypeCache (512ms)
			ReleaseScriptCaches (2ms)
			RebuildScriptCaches (114ms)
			SetupLoadedEditorAssemblies (1013ms)
				LogAssemblyErrors (0ms)
				InitializePlatformSupportModulesInManaged (17ms)
				SetLoadedEditorAssemblies (0ms)
				RefreshPlugins (188ms)
				BeforeProcessingInitializeOnLoad (224ms)
				ProcessInitializeOnLoadAttributes (467ms)
				ProcessInitializeOnLoadMethodAttributes (108ms)
				AfterProcessingInitializeOnLoad (9ms)
				EditorAssembliesLoaded (0ms)
			ExecutionOrderSort2 (0ms)
			AwakeInstancesAfterBackupRestoration (29ms)
Platform modules already initialized, skipping
========================================================================
Worker process is ready to serve import requests
Launched and connected shader compiler UnityShaderCompiler.exe after 0.14 seconds
Refreshing native plugins compatible for Editor in 3.04 ms, found 9 plugins.
Preloading 0 native plugins for Editor in 0.00 ms.
Unloading 6352 Unused Serialized files (Serialized files now loaded: 0)
Unloading 59 unused Assets / (0.5 MB). Loaded Objects now: 6785.
Memory consumption went from 239.6 MB to 239.1 MB.
Total: 6.545000 ms (FindLiveObjects: 0.758200 ms CreateObjectMapping: 0.365200 ms MarkObjects: 4.999300 ms  DeleteObjects: 0.420200 ms)

AssetImportParameters requested are different than current active one (requested -> active):
  custom:video-decoder-ogg-theora: a1e56fd34408186e4bbccfd4996cb3dc -> 
  custom:container-muxer-webm: aa71ff27fc2769a1b78a27578f13a17b -> 
  custom:container-demuxer-webm: 4f35f7cbe854078d1ac9338744f61a02 -> 
  custom:video-encoder-webm-vp8: eb34c28f22e8b96e1ab97ce403110664 -> 
  custom:audio-encoder-webm-vorbis: bf7c407c2cedff20999df2af8eb42d56 -> 
  custom:framework-win-MediaFoundation: 216162199b28c13a410421893ffa2e32 -> 
  custom:container-demuxer-ogg: 62fdf1f143b41e24485cea50d1cbac27 -> 
  custom:video-decoder-webm-vp8: 9c59270c3fd7afecdb556c50c9e8de78 -> 
  custom:audio-decoder-ogg-vorbis: bf7c407c2cedff20999df2af8eb42d56 -> 
========================================================================
Received Prepare
Refreshing native plugins compatible for Editor in 17.38 ms, found 9 plugins.
Preloading 0 native plugins for Editor in 0.00 ms.
Unloading 49 Unused Serialized files (Serialized files now loaded: 0)
Unloading 49 unused Assets / (480.1 KB). Loaded Objects now: 6785.
Memory consumption went from 106.4 MB to 106.0 MB.
Total: 5.541300 ms (FindLiveObjects: 0.653700 ms CreateObjectMapping: 0.220100 ms MarkObjects: 4.322400 ms  DeleteObjects: 0.343900 ms)

AssetImportParameters requested are different than current active one (requested -> active):
  custom:video-decoder-ogg-theora: a1e56fd34408186e4bbccfd4996cb3dc -> 
  custom:container-muxer-webm: aa71ff27fc2769a1b78a27578f13a17b -> 
  custom:container-demuxer-webm: 4f35f7cbe854078d1ac9338744f61a02 -> 
  custom:video-encoder-webm-vp8: eb34c28f22e8b96e1ab97ce403110664 -> 
  custom:audio-encoder-webm-vorbis: bf7c407c2cedff20999df2af8eb42d56 -> 
  custom:framework-win-MediaFoundation: 216162199b28c13a410421893ffa2e32 -> 
  custom:container-demuxer-ogg: 62fdf1f143b41e24485cea50d1cbac27 -> 
  custom:video-decoder-webm-vp8: 9c59270c3fd7afecdb556c50c9e8de78 -> 
  custom:audio-decoder-ogg-vorbis: bf7c407c2cedff20999df2af8eb42d56 -> 
========================================================================
Received Import Request.
  Time since last request: 4304.171366 seconds.
  path: Assets/Prefabs/qbos.prefab
  artifactKey: Guid(257753d3a4032ee409b4b98dbbb1f487) Importer(815301076,1909f56bfc062723c751e8b465ee728b)
Start importing Assets/Prefabs/qbos.prefab using Guid(257753d3a4032ee409b4b98dbbb1f487) Importer(815301076,1909f56bfc062723c751e8b465ee728b)  -> (artifact id: 'c7d5fd47d4e9ef95b1877aa354343bf1') in 0.366081 seconds 
========================================================================
Received Import Request.
  Time since last request: 0.680842 seconds.
  path: Assets/Prefabs/qbos.prefab
  artifactKey: Guid(257753d3a4032ee409b4b98dbbb1f487) Importer(815301076,1909f56bfc062723c751e8b465ee728b)
Start importing Assets/Prefabs/qbos.prefab using Guid(257753d3a4032ee409b4b98dbbb1f487) Importer(815301076,1909f56bfc062723c751e8b465ee728b)  -> (artifact id: 'd042e3043ee6d73c1524afa130b64334') in 0.040507 seconds 
========================================================================
Received Prepare
Refreshing native plugins compatible for Editor in 15.01 ms, found 9 plugins.
Preloading 0 native plugins for Editor in 0.00 ms.
Unloading 48 Unused Serialized files (Serialized files now loaded: 0)
Unloading 49 unused Assets / (488.9 KB). Loaded Objects now: 6873.
Memory consumption went from 113.5 MB to 113.0 MB.
Total: 6.714200 ms (FindLiveObjects: 0.650700 ms CreateObjectMapping: 0.196300 ms MarkObjects: 5.453800 ms  DeleteObjects: 0.412200 ms)

AssetImportParameters requested are different than current active one (requested -> active):
  custom:video-decoder-ogg-theora: a1e56fd34408186e4bbccfd4996cb3dc -> 
  custom:container-muxer-webm: aa71ff27fc2769a1b78a27578f13a17b -> 
  custom:container-demuxer-webm: 4f35f7cbe854078d1ac9338744f61a02 -> 
  custom:video-encoder-webm-vp8: eb34c28f22e8b96e1ab97ce403110664 -> 
  custom:audio-encoder-webm-vorbis: bf7c407c2cedff20999df2af8eb42d56 -> 
  custom:framework-win-MediaFoundation: 216162199b28c13a410421893ffa2e32 -> 
  custom:container-demuxer-ogg: 62fdf1f143b41e24485cea50d1cbac27 -> 
  custom:video-decoder-webm-vp8: 9c59270c3fd7afecdb556c50c9e8de78 -> 
  custom:audio-decoder-ogg-vorbis: bf7c407c2cedff20999df2af8eb42d56 -> 
========================================================================
Received Import Request.
  Time since last request: 33.821985 seconds.
  path: Assets/Prefabs/qbos.prefab
  artifactKey: Guid(257753d3a4032ee409b4b98dbbb1f487) Importer(815301076,1909f56bfc062723c751e8b465ee728b)
Start importing Assets/Prefabs/qbos.prefab using Guid(257753d3a4032ee409b4b98dbbb1f487) Importer(815301076,1909f56bfc062723c751e8b465ee728b)  -> (artifact id: 'e7c456078bdede84c17ce1b4545e23f5') in 0.027139 seconds 
========================================================================
Received Import Request.
  Time since last request: 841.002589 seconds.
  path: Assets/Prefabs/qbos.prefab
  artifactKey: Guid(257753d3a4032ee409b4b98dbbb1f487) Importer(815301076,1909f56bfc062723c751e8b465ee728b)
Start importing Assets/Prefabs/qbos.prefab using Guid(257753d3a4032ee409b4b98dbbb1f487) Importer(815301076,1909f56bfc062723c751e8b465ee728b)  -> (artifact id: '492d970a6aefa10a8c7a21a85b5ee38c') in 0.028323 seconds 
========================================================================
Received Import Request.
  Time since last request: 0.543997 seconds.
  path: Assets/Prefabs/qbos.prefab
  artifactKey: Guid(257753d3a4032ee409b4b98dbbb1f487) Importer(815301076,1909f56bfc062723c751e8b465ee728b)
Start importing Assets/Prefabs/qbos.prefab using Guid(257753d3a4032ee409b4b98dbbb1f487) Importer(815301076,1909f56bfc062723c751e8b465ee728b)  -> (artifact id: '4e73e66901654f7cde797cb151ec5057') in 0.020741 seconds 
========================================================================
Received Import Request.
  Time since last request: 9.389577 seconds.
  path: Assets/Prefabs/qbos.prefab
  artifactKey: Guid(257753d3a4032ee409b4b98dbbb1f487) Importer(815301076,1909f56bfc062723c751e8b465ee728b)
Start importing Assets/Prefabs/qbos.prefab using Guid(257753d3a4032ee409b4b98dbbb1f487) Importer(815301076,1909f56bfc062723c751e8b465ee728b)  -> (artifact id: '7650e25bc424bec2f9a7f02e7f38c849') in 0.029551 seconds 
========================================================================
Received Import Request.
  Time since last request: 14.711307 seconds.
  path: Assets/Prefabs/qbos.prefab
  artifactKey: Guid(257753d3a4032ee409b4b98dbbb1f487) Importer(815301076,1909f56bfc062723c751e8b465ee728b)
Start importing Assets/Prefabs/qbos.prefab using Guid(257753d3a4032ee409b4b98dbbb1f487) Importer(815301076,1909f56bfc062723c751e8b465ee728b)  -> (artifact id: '7a06e64601a5afbc84d8822024416796') in 0.023010 seconds 
========================================================================
Received Import Request.
  Time since last request: 3.409430 seconds.
  path: Assets/Prefabs/qbos.prefab
  artifactKey: Guid(257753d3a4032ee409b4b98dbbb1f487) Importer(815301076,1909f56bfc062723c751e8b465ee728b)
Start importing Assets/Prefabs/qbos.prefab using Guid(257753d3a4032ee409b4b98dbbb1f487) Importer(815301076,1909f56bfc062723c751e8b465ee728b)  -> (artifact id: 'fbd43bc8e5eec3e04b078c466dafe0e0') in 0.022859 seconds 
========================================================================
Received Import Request.
  Time since last request: 3.214405 seconds.
  path: Assets/Prefabs/qbos.prefab
  artifactKey: Guid(257753d3a4032ee409b4b98dbbb1f487) Importer(815301076,1909f56bfc062723c751e8b465ee728b)
Start importing Assets/Prefabs/qbos.prefab using Guid(257753d3a4032ee409b4b98dbbb1f487) Importer(815301076,1909f56bfc062723c751e8b465ee728b)  -> (artifact id: 'db2683dc99d0c9b598c68e1dd0f90d77') in 0.023122 seconds 
========================================================================
Received Import Request.
  Time since last request: 14.408487 seconds.
  path: Assets/Prefabs/qbos.prefab
  artifactKey: Guid(257753d3a4032ee409b4b98dbbb1f487) Importer(815301076,1909f56bfc062723c751e8b465ee728b)
Start importing Assets/Prefabs/qbos.prefab using Guid(257753d3a4032ee409b4b98dbbb1f487) Importer(815301076,1909f56bfc062723c751e8b465ee728b)  -> (artifact id: 'd7b6be9add3cbb98b4169d5c06cbf1fa') in 0.022758 seconds 
========================================================================
Received Import Request.
  Time since last request: 3.480800 seconds.
  path: Assets/Prefabs/qbos.prefab
  artifactKey: Guid(257753d3a4032ee409b4b98dbbb1f487) Importer(815301076,1909f56bfc062723c751e8b465ee728b)
Start importing Assets/Prefabs/qbos.prefab using Guid(257753d3a4032ee409b4b98dbbb1f487) Importer(815301076,1909f56bfc062723c751e8b465ee728b)  -> (artifact id: '5c8ad920accc49c76f0ceafacf42916f') in 0.023646 seconds 
========================================================================
Received Import Request.
  Time since last request: 0.372425 seconds.
  path: Assets/Prefabs/qbos.prefab
  artifactKey: Guid(257753d3a4032ee409b4b98dbbb1f487) Importer(815301076,1909f56bfc062723c751e8b465ee728b)
Start importing Assets/Prefabs/qbos.prefab using Guid(257753d3a4032ee409b4b98dbbb1f487) Importer(815301076,1909f56bfc062723c751e8b465ee728b)  -> (artifact id: '7b29bed6c43450bd1d3a05d67a804dcd') in 0.021518 seconds 
========================================================================
Received Import Request.
  Time since last request: 0.580660 seconds.
  path: Assets/Prefabs/qbos.prefab
  artifactKey: Guid(257753d3a4032ee409b4b98dbbb1f487) Importer(815301076,1909f56bfc062723c751e8b465ee728b)
Start importing Assets/Prefabs/qbos.prefab using Guid(257753d3a4032ee409b4b98dbbb1f487) Importer(815301076,1909f56bfc062723c751e8b465ee728b)  -> (artifact id: '1a4806f59096b6098f4a5901fbda9870') in 0.023494 seconds 
========================================================================
Received Import Request.
  Time since last request: 15.570525 seconds.
  path: Assets/Prefabs/qbos.prefab
  artifactKey: Guid(257753d3a4032ee409b4b98dbbb1f487) Importer(815301076,1909f56bfc062723c751e8b465ee728b)
Start importing Assets/Prefabs/qbos.prefab using Guid(257753d3a4032ee409b4b98dbbb1f487) Importer(815301076,1909f56bfc062723c751e8b465ee728b)  -> (artifact id: '8e7d1adb544bf7fd67a8ecaaf7fc79fc') in 0.019947 seconds 
========================================================================
Received Import Request.
  Time since last request: 8.664830 seconds.
  path: Assets/Prefabs/qbos.prefab
  artifactKey: Guid(257753d3a4032ee409b4b98dbbb1f487) Importer(815301076,1909f56bfc062723c751e8b465ee728b)
Start importing Assets/Prefabs/qbos.prefab using Guid(257753d3a4032ee409b4b98dbbb1f487) Importer(815301076,1909f56bfc062723c751e8b465ee728b)  -> (artifact id: 'a39f8d6068142c39f23c9f15635cba4d') in 0.022924 seconds 
========================================================================
Received Import Request.
  Time since last request: 6.617729 seconds.
  path: Assets/Prefabs/qbos.prefab
  artifactKey: Guid(257753d3a4032ee409b4b98dbbb1f487) Importer(815301076,1909f56bfc062723c751e8b465ee728b)
Start importing Assets/Prefabs/qbos.prefab using Guid(257753d3a4032ee409b4b98dbbb1f487) Importer(815301076,1909f56bfc062723c751e8b465ee728b)  -> (artifact id: 'b60efebc286d5c38306160fc0133e961') in 0.021983 seconds 
========================================================================
Received Import Request.
  Time since last request: 2.833520 seconds.
  path: Assets/Prefabs/qbos.prefab
  artifactKey: Guid(257753d3a4032ee409b4b98dbbb1f487) Importer(815301076,1909f56bfc062723c751e8b465ee728b)
Start importing Assets/Prefabs/qbos.prefab using Guid(257753d3a4032ee409b4b98dbbb1f487) Importer(815301076,1909f56bfc062723c751e8b465ee728b)  -> (artifact id: '0051be5f5d12deae73a93e27266705c8') in 0.026264 seconds 
========================================================================
Received Import Request.
  Time since last request: 50.873945 seconds.
  path: Assets/Prefabs/qbos.prefab
  artifactKey: Guid(257753d3a4032ee409b4b98dbbb1f487) Importer(815301076,1909f56bfc062723c751e8b465ee728b)
Start importing Assets/Prefabs/qbos.prefab using Guid(257753d3a4032ee409b4b98dbbb1f487) Importer(815301076,1909f56bfc062723c751e8b465ee728b)  -> (artifact id: 'f3476bc305defd2449bb5a2f165fc731') in 0.030035 seconds 
========================================================================
Received Prepare
Refreshing native plugins compatible for Editor in 16.61 ms, found 9 plugins.
Preloading 0 native plugins for Editor in 0.00 ms.
Unloading 49 Unused Serialized files (Serialized files now loaded: 0)
Unloading 49 unused Assets / (495.8 KB). Loaded Objects now: 6873.
Memory consumption went from 131.5 MB to 131.0 MB.
Total: 17.480100 ms (FindLiveObjects: 1.784500 ms CreateObjectMapping: 1.617400 ms MarkObjects: 13.502400 ms  DeleteObjects: 0.572400 ms)

AssetImportParameters requested are different than current active one (requested -> active):
  custom:video-decoder-ogg-theora: a1e56fd34408186e4bbccfd4996cb3dc -> 
  custom:container-muxer-webm: aa71ff27fc2769a1b78a27578f13a17b -> 
  custom:container-demuxer-webm: 4f35f7cbe854078d1ac9338744f61a02 -> 
  custom:video-encoder-webm-vp8: eb34c28f22e8b96e1ab97ce403110664 -> 
  custom:audio-encoder-webm-vorbis: bf7c407c2cedff20999df2af8eb42d56 -> 
  custom:framework-win-MediaFoundation: 216162199b28c13a410421893ffa2e32 -> 
  custom:container-demuxer-ogg: 62fdf1f143b41e24485cea50d1cbac27 -> 
  custom:video-decoder-webm-vp8: 9c59270c3fd7afecdb556c50c9e8de78 -> 
  custom:audio-decoder-ogg-vorbis: bf7c407c2cedff20999df2af8eb42d56 -> 
========================================================================
Received Import Request.
  Time since last request: 273.318484 seconds.
  path: Assets
  artifactKey: Guid(00000000000000001000000000000000) Importer(815301076,1909f56bfc062723c751e8b465ee728b)
Start importing Assets using Guid(00000000000000001000000000000000) Importer(815301076,1909f56bfc062723c751e8b465ee728b)  -> (artifact id: '79842766b460edbeab6a34051e857a80') in 0.007657 seconds 
========================================================================
Received Import Request.
  Time since last request: 12.171479 seconds.
  path: Assets/Plugins
  artifactKey: Guid(a3397ca59aa2845d9b6915a23e597665) Importer(815301076,1909f56bfc062723c751e8b465ee728b)
Start importing Assets/Plugins using Guid(a3397ca59aa2845d9b6915a23e597665) Importer(815301076,1909f56bfc062723c751e8b465ee728b)  -> (artifact id: 'f592cfdb1b90b4106b2fc13f21061e26') in 0.006969 seconds 
========================================================================
Received Import Request.
  Time since last request: 238.295163 seconds.
  path: Assets/Assets/ksita.fbx
  artifactKey: Guid(54dc5ee422b28e0428fbcc5ea124f8e4) Importer(815301076,1909f56bfc062723c751e8b465ee728b)
Start importing Assets/Assets/ksita.fbx using Guid(54dc5ee422b28e0428fbcc5ea124f8e4) Importer(815301076,1909f56bfc062723c751e8b465ee728b)  -> (artifact id: '9cc521ad098dcc739532771f1e844814') in 0.086577 seconds 
========================================================================
Received Import Request.
  Time since last request: 0.000036 seconds.
  path: Assets/Assets/qbos.fbx
  artifactKey: Guid(912015f30bc0cc84391c1604e9968702) Importer(815301076,1909f56bfc062723c751e8b465ee728b)
Start importing Assets/Assets/qbos.fbx using Guid(912015f30bc0cc84391c1604e9968702) Importer(815301076,1909f56bfc062723c751e8b465ee728b)  -> (artifact id: '02effe9043082403c7153a6c2c6bdd99') in 0.714759 seconds 
========================================================================
Received Import Request.
  Time since last request: 18.414536 seconds.
  path: Assets/ExampleAssets
  artifactKey: Guid(5040ff35809714c9f899bd2e7ae0f30a) Importer(815301076,1909f56bfc062723c751e8b465ee728b)
Start importing Assets/ExampleAssets using Guid(5040ff35809714c9f899bd2e7ae0f30a) Importer(815301076,1909f56bfc062723c751e8b465ee728b)  -> (artifact id: '605975ec7d005190aad15937c7c96a55') in 0.007789 seconds 
========================================================================
Received Import Request.
  Time since last request: 70.613453 seconds.
  path: Assets/Prefabs/qbos.prefab
  artifactKey: Guid(257753d3a4032ee409b4b98dbbb1f487) Importer(815301076,1909f56bfc062723c751e8b465ee728b)
Start importing Assets/Prefabs/qbos.prefab using Guid(257753d3a4032ee409b4b98dbbb1f487) Importer(815301076,1909f56bfc062723c751e8b465ee728b)  -> (artifact id: '5cbfc86a329333560604429e48cc5587') in 0.033817 seconds 
========================================================================
Received Prepare
Refreshing native plugins compatible for Editor in 15.74 ms, found 9 plugins.
Preloading 0 native plugins for Editor in 0.00 ms.
Unloading 49 Unused Serialized files (Serialized files now loaded: 0)
Unloading 49 unused Assets / (480.7 KB). Loaded Objects now: 6876.
Memory consumption went from 134.5 MB to 134.1 MB.
Total: 6.179700 ms (FindLiveObjects: 0.725000 ms CreateObjectMapping: 0.217000 ms MarkObjects: 4.875400 ms  DeleteObjects: 0.360200 ms)

AssetImportParameters requested are different than current active one (requested -> active):
  custom:video-decoder-ogg-theora: a1e56fd34408186e4bbccfd4996cb3dc -> 
  custom:container-muxer-webm: aa71ff27fc2769a1b78a27578f13a17b -> 
  custom:container-demuxer-webm: 4f35f7cbe854078d1ac9338744f61a02 -> 
  custom:video-encoder-webm-vp8: eb34c28f22e8b96e1ab97ce403110664 -> 
  custom:audio-encoder-webm-vorbis: bf7c407c2cedff20999df2af8eb42d56 -> 
  custom:framework-win-MediaFoundation: 216162199b28c13a410421893ffa2e32 -> 
  custom:container-demuxer-ogg: 62fdf1f143b41e24485cea50d1cbac27 -> 
  custom:video-decoder-webm-vp8: 9c59270c3fd7afecdb556c50c9e8de78 -> 
  custom:audio-decoder-ogg-vorbis: bf7c407c2cedff20999df2af8eb42d56 -> 
========================================================================
Received Prepare
Refreshing native plugins compatible for Editor in 14.01 ms, found 9 plugins.
Preloading 0 native plugins for Editor in 0.00 ms.
Unloading 49 Unused Serialized files (Serialized files now loaded: 0)
Unloading 49 unused Assets / (488.5 KB). Loaded Objects now: 6876.
Memory consumption went from 134.6 MB to 134.1 MB.
Total: 6.135400 ms (FindLiveObjects: 0.646900 ms CreateObjectMapping: 0.193500 ms MarkObjects: 4.913100 ms  DeleteObjects: 0.381000 ms)

AssetImportParameters requested are different than current active one (requested -> active):
  custom:video-decoder-ogg-theora: a1e56fd34408186e4bbccfd4996cb3dc -> 
  custom:container-muxer-webm: aa71ff27fc2769a1b78a27578f13a17b -> 
  custom:container-demuxer-webm: 4f35f7cbe854078d1ac9338744f61a02 -> 
  custom:video-encoder-webm-vp8: eb34c28f22e8b96e1ab97ce403110664 -> 
  custom:audio-encoder-webm-vorbis: bf7c407c2cedff20999df2af8eb42d56 -> 
  custom:framework-win-MediaFoundation: 216162199b28c13a410421893ffa2e32 -> 
  custom:container-demuxer-ogg: 62fdf1f143b41e24485cea50d1cbac27 -> 
  custom:video-decoder-webm-vp8: 9c59270c3fd7afecdb556c50c9e8de78 -> 
  custom:audio-decoder-ogg-vorbis: bf7c407c2cedff20999df2af8eb42d56 -> 
========================================================================
Received Import Request.
  Time since last request: 409.285764 seconds.
  path: Assets/Prefabs/qbos.prefab
  artifactKey: Guid(257753d3a4032ee409b4b98dbbb1f487) Importer(815301076,1909f56bfc062723c751e8b465ee728b)
Start importing Assets/Prefabs/qbos.prefab using Guid(257753d3a4032ee409b4b98dbbb1f487) Importer(815301076,1909f56bfc062723c751e8b465ee728b)  -> (artifact id: '7bb52a789bd146d7d8aea363fd89682a') in 0.027475 seconds 
========================================================================
Received Import Request.
  Time since last request: 233.560901 seconds.
  path: Assets/Prefabs/qbos.prefab
  artifactKey: Guid(257753d3a4032ee409b4b98dbbb1f487) Importer(815301076,1909f56bfc062723c751e8b465ee728b)
Start importing Assets/Prefabs/qbos.prefab using Guid(257753d3a4032ee409b4b98dbbb1f487) Importer(815301076,1909f56bfc062723c751e8b465ee728b)  -> (artifact id: '6a8660feb154e10483e9022a040074d8') in 0.023684 seconds 
========================================================================
Received Import Request.
  Time since last request: 4.614123 seconds.
  path: Assets/Prefabs/qbos.prefab
  artifactKey: Guid(257753d3a4032ee409b4b98dbbb1f487) Importer(815301076,1909f56bfc062723c751e8b465ee728b)
Start importing Assets/Prefabs/qbos.prefab using Guid(257753d3a4032ee409b4b98dbbb1f487) Importer(815301076,1909f56bfc062723c751e8b465ee728b)  -> (artifact id: '60beef5741e55f7939e8bba5b04f6826') in 0.024335 seconds 
========================================================================
Received Import Request.
  Time since last request: 163.073596 seconds.
  path: Assets/Prefabs/qbos.prefab
  artifactKey: Guid(257753d3a4032ee409b4b98dbbb1f487) Importer(815301076,1909f56bfc062723c751e8b465ee728b)
Start importing Assets/Prefabs/qbos.prefab using Guid(257753d3a4032ee409b4b98dbbb1f487) Importer(815301076,1909f56bfc062723c751e8b465ee728b)  -> (artifact id: 'f286ef56b17bee0d009bfd945834007c') in 0.023936 seconds 
========================================================================
Received Import Request.
  Time since last request: 177.933909 seconds.
  path: Assets/Prefabs/ParentQbos.prefab
  artifactKey: Guid(b2afeaa1bb3b6e744830856eb37d2b27) Importer(815301076,1909f56bfc062723c751e8b465ee728b)
Start importing Assets/Prefabs/ParentQbos.prefab using Guid(b2afeaa1bb3b6e744830856eb37d2b27) Importer(815301076,1909f56bfc062723c751e8b465ee728b)  -> (artifact id: 'f0dea0cd8a915f9a062566d1ce822e3b') in 0.030578 seconds 
========================================================================
Received Prepare
Refreshing native plugins compatible for Editor in 11.99 ms, found 9 plugins.
Preloading 0 native plugins for Editor in 0.00 ms.
Unloading 49 Unused Serialized files (Serialized files now loaded: 0)
Unloading 49 unused Assets / (480.1 KB). Loaded Objects now: 6876.
Memory consumption went from 140.2 MB to 139.7 MB.
Total: 5.899900 ms (FindLiveObjects: 0.590600 ms CreateObjectMapping: 0.198400 ms MarkObjects: 4.771000 ms  DeleteObjects: 0.339000 ms)

AssetImportParameters requested are different than current active one (requested -> active):
  custom:video-decoder-ogg-theora: a1e56fd34408186e4bbccfd4996cb3dc -> 
  custom:container-muxer-webm: aa71ff27fc2769a1b78a27578f13a17b -> 
  custom:container-demuxer-webm: 4f35f7cbe854078d1ac9338744f61a02 -> 
  custom:video-encoder-webm-vp8: eb34c28f22e8b96e1ab97ce403110664 -> 
  custom:audio-encoder-webm-vorbis: bf7c407c2cedff20999df2af8eb42d56 -> 
  custom:framework-win-MediaFoundation: 216162199b28c13a410421893ffa2e32 -> 
  custom:container-demuxer-ogg: 62fdf1f143b41e24485cea50d1cbac27 -> 
  custom:video-decoder-webm-vp8: 9c59270c3fd7afecdb556c50c9e8de78 -> 
  custom:audio-decoder-ogg-vorbis: bf7c407c2cedff20999df2af8eb42d56 -> 
========================================================================
Received Import Request.
  Time since last request: 430.301379 seconds.
  path: Assets/Prefabs/ParentQbos.prefab
  artifactKey: Guid(b2afeaa1bb3b6e744830856eb37d2b27) Importer(815301076,1909f56bfc062723c751e8b465ee728b)
Start importing Assets/Prefabs/ParentQbos.prefab using Guid(b2afeaa1bb3b6e744830856eb37d2b27) Importer(815301076,1909f56bfc062723c751e8b465ee728b)  -> (artifact id: 'a52f391cf334541c247a599aef0e386c') in 0.024645 seconds 
========================================================================
Received Import Request.
  Time since last request: 0.945090 seconds.
  path: Assets/Prefabs/ParentQbos.prefab
  artifactKey: Guid(b2afeaa1bb3b6e744830856eb37d2b27) Importer(815301076,1909f56bfc062723c751e8b465ee728b)
Start importing Assets/Prefabs/ParentQbos.prefab using Guid(b2afeaa1bb3b6e744830856eb37d2b27) Importer(815301076,1909f56bfc062723c751e8b465ee728b)  -> (artifact id: '11fcc709f00873dc2c86854af7874389') in 0.025729 seconds 
========================================================================
Received Import Request.
  Time since last request: 2.186485 seconds.
  path: Assets/Prefabs/ParentQbos.prefab
  artifactKey: Guid(b2afeaa1bb3b6e744830856eb37d2b27) Importer(815301076,1909f56bfc062723c751e8b465ee728b)
Start importing Assets/Prefabs/ParentQbos.prefab using Guid(b2afeaa1bb3b6e744830856eb37d2b27) Importer(815301076,1909f56bfc062723c751e8b465ee728b)  -> (artifact id: 'b20957228c412b47919e96cecf84035f') in 0.023422 seconds 
========================================================================
Received Import Request.
  Time since last request: 2.184029 seconds.
  path: Assets/Prefabs/ParentQbos.prefab
  artifactKey: Guid(b2afeaa1bb3b6e744830856eb37d2b27) Importer(815301076,1909f56bfc062723c751e8b465ee728b)
Start importing Assets/Prefabs/ParentQbos.prefab using Guid(b2afeaa1bb3b6e744830856eb37d2b27) Importer(815301076,1909f56bfc062723c751e8b465ee728b)  -> (artifact id: '0f8968f48610e5e3c5a22db12504b52d') in 0.023211 seconds 
========================================================================
Received Import Request.
  Time since last request: 1.171067 seconds.
  path: Assets/Prefabs/ParentQbos.prefab
  artifactKey: Guid(b2afeaa1bb3b6e744830856eb37d2b27) Importer(815301076,1909f56bfc062723c751e8b465ee728b)
Start importing Assets/Prefabs/ParentQbos.prefab using Guid(b2afeaa1bb3b6e744830856eb37d2b27) Importer(815301076,1909f56bfc062723c751e8b465ee728b)  -> (artifact id: 'fc0cefac2fbb8632ec70e6f4ad8d5e42') in 0.021495 seconds 
========================================================================
Received Import Request.
  Time since last request: 1.583533 seconds.
  path: Assets/Prefabs/ParentQbos.prefab
  artifactKey: Guid(b2afeaa1bb3b6e744830856eb37d2b27) Importer(815301076,1909f56bfc062723c751e8b465ee728b)
Start importing Assets/Prefabs/ParentQbos.prefab using Guid(b2afeaa1bb3b6e744830856eb37d2b27) Importer(815301076,1909f56bfc062723c751e8b465ee728b)  -> (artifact id: '49d70604927bcdf166a4b565fbb7e022') in 0.021101 seconds 
========================================================================
Received Prepare
Registering precompiled user dll's ...
Registered in 0.016184 seconds.
Begin MonoManager ReloadAssembly
Symbol file LoadedFromMemory doesn't match image C:\Users\PC\OneDrive\Escritorio\UAQ\ARIngenia\ARUAQ\Library\PackageCache\com.unity.visualscripting@1.7.6\Editor\VisualScripting.Core\Dependencies\DotNetZip\Unity.VisualScripting.IonicZip.dll
Symbol file LoadedFromMemory doesn't match image C:\Users\PC\OneDrive\Escritorio\UAQ\ARIngenia\ARUAQ\Library\PackageCache\com.unity.visualscripting@1.7.6\Editor\VisualScripting.Core\Dependencies\YamlDotNet\Unity.VisualScripting.YamlDotNet.dll
Native extension for WindowsStandalone target not found
Native extension for Android target not found
Refreshing native plugins compatible for Editor in 1.43 ms, found 9 plugins.
Preloading 0 native plugins for Editor in 0.00 ms.
Mono: successfully reloaded assembly
- Completed reload, in  1.614 seconds
Domain Reload Profiling:
	ReloadAssembly (1615ms)
		BeginReloadAssembly (188ms)
			ExecutionOrderSort (0ms)
			DisableScriptedObjects (8ms)
			BackupInstance (0ms)
			ReleaseScriptingObjects (0ms)
			CreateAndSetChildDomain (64ms)
		EndReloadAssembly (1305ms)
			LoadAssemblies (133ms)
			RebuildTransferFunctionScriptingTraits (0ms)
			SetupTypeCache (402ms)
			ReleaseScriptCaches (2ms)
			RebuildScriptCaches (54ms)
			SetupLoadedEditorAssemblies (618ms)
				LogAssemblyErrors (0ms)
				InitializePlatformSupportModulesInManaged (25ms)
				SetLoadedEditorAssemblies (1ms)
				RefreshPlugins (2ms)
				BeforeProcessingInitializeOnLoad (149ms)
				ProcessInitializeOnLoadAttributes (334ms)
				ProcessInitializeOnLoadMethodAttributes (99ms)
				AfterProcessingInitializeOnLoad (9ms)
				EditorAssembliesLoaded (0ms)
			ExecutionOrderSort2 (0ms)
			AwakeInstancesAfterBackupRestoration (13ms)
Platform modules already initialized, skipping
Refreshing native plugins compatible for Editor in 6.73 ms, found 9 plugins.
Preloading 0 native plugins for Editor in 0.00 ms.
Unloading 6217 Unused Serialized files (Serialized files now loaded: 0)
Unloading 49 unused Assets / (498.6 KB). Loaded Objects now: 6844.
Memory consumption went from 237.8 MB to 237.4 MB.
Total: 5.637900 ms (FindLiveObjects: 0.584100 ms CreateObjectMapping: 0.174300 ms MarkObjects: 4.476800 ms  DeleteObjects: 0.401700 ms)

AssetImportParameters requested are different than current active one (requested -> active):
  custom:video-decoder-ogg-theora: a1e56fd34408186e4bbccfd4996cb3dc -> 
  custom:container-muxer-webm: aa71ff27fc2769a1b78a27578f13a17b -> 
  custom:container-demuxer-webm: 4f35f7cbe854078d1ac9338744f61a02 -> 
  custom:video-encoder-webm-vp8: eb34c28f22e8b96e1ab97ce403110664 -> 
  custom:audio-encoder-webm-vorbis: bf7c407c2cedff20999df2af8eb42d56 -> 
  custom:framework-win-MediaFoundation: 216162199b28c13a410421893ffa2e32 -> 
  custom:container-demuxer-ogg: 62fdf1f143b41e24485cea50d1cbac27 -> 
  custom:video-decoder-webm-vp8: 9c59270c3fd7afecdb556c50c9e8de78 -> 
  custom:audio-decoder-ogg-vorbis: bf7c407c2cedff20999df2af8eb42d56 -> 
========================================================================
Received Prepare
Refreshing native plugins compatible for Editor in 11.76 ms, found 9 plugins.
Preloading 0 native plugins for Editor in 0.00 ms.
Unloading 49 Unused Serialized files (Serialized files now loaded: 0)
Unloading 49 unused Assets / (480.5 KB). Loaded Objects now: 6844.
Memory consumption went from 113.7 MB to 113.2 MB.
Total: 5.153000 ms (FindLiveObjects: 0.524000 ms CreateObjectMapping: 0.177800 ms MarkObjects: 4.064100 ms  DeleteObjects: 0.386000 ms)

AssetImportParameters requested are different than current active one (requested -> active):
  custom:video-decoder-ogg-theora: a1e56fd34408186e4bbccfd4996cb3dc -> 
  custom:container-muxer-webm: aa71ff27fc2769a1b78a27578f13a17b -> 
  custom:container-demuxer-webm: 4f35f7cbe854078d1ac9338744f61a02 -> 
  custom:video-encoder-webm-vp8: eb34c28f22e8b96e1ab97ce403110664 -> 
  custom:audio-encoder-webm-vorbis: bf7c407c2cedff20999df2af8eb42d56 -> 
  custom:framework-win-MediaFoundation: 216162199b28c13a410421893ffa2e32 -> 
  custom:container-demuxer-ogg: 62fdf1f143b41e24485cea50d1cbac27 -> 
  custom:video-decoder-webm-vp8: 9c59270c3fd7afecdb556c50c9e8de78 -> 
  custom:audio-decoder-ogg-vorbis: bf7c407c2cedff20999df2af8eb42d56 -> 
========================================================================
Received Import Request.
  Time since last request: 216.561783 seconds.
  path: Assets/Prefabs/ParentQbos.prefab
  artifactKey: Guid(b2afeaa1bb3b6e744830856eb37d2b27) Importer(815301076,1909f56bfc062723c751e8b465ee728b)
Start importing Assets/Prefabs/ParentQbos.prefab using Guid(b2afeaa1bb3b6e744830856eb37d2b27) Importer(815301076,1909f56bfc062723c751e8b465ee728b)  -> (artifact id: '77f36399c0c2b662558dab0cf19cebdb') in 0.237339 seconds 
========================================================================
Received Import Request.
  Time since last request: 2.389911 seconds.
  path: Assets/Prefabs/ParentQbos.prefab
  artifactKey: Guid(b2afeaa1bb3b6e744830856eb37d2b27) Importer(815301076,1909f56bfc062723c751e8b465ee728b)
Start importing Assets/Prefabs/ParentQbos.prefab using Guid(b2afeaa1bb3b6e744830856eb37d2b27) Importer(815301076,1909f56bfc062723c751e8b465ee728b)  -> (artifact id: 'c36748e4bdc9863d373560d61acb8756') in 0.024497 seconds 
========================================================================
Received Import Request.
  Time since last request: 3.275033 seconds.
  path: Assets/Prefabs/ParentQbos.prefab
  artifactKey: Guid(b2afeaa1bb3b6e744830856eb37d2b27) Importer(815301076,1909f56bfc062723c751e8b465ee728b)
Start importing Assets/Prefabs/ParentQbos.prefab using Guid(b2afeaa1bb3b6e744830856eb37d2b27) Importer(815301076,1909f56bfc062723c751e8b465ee728b)  -> (artifact id: 'e70e0b41e5650586f8a09399cad8c5dd') in 0.022759 seconds 
========================================================================
Received Prepare
Refreshing native plugins compatible for Editor in 14.77 ms, found 9 plugins.
Preloading 0 native plugins for Editor in 0.00 ms.
Unloading 48 Unused Serialized files (Serialized files now loaded: 0)
Unloading 49 unused Assets / (481.1 KB). Loaded Objects now: 6920.
Memory consumption went from 118.2 MB to 117.7 MB.
Total: 6.412800 ms (FindLiveObjects: 0.543800 ms CreateObjectMapping: 0.168200 ms MarkObjects: 5.332700 ms  DeleteObjects: 0.366800 ms)

AssetImportParameters requested are different than current active one (requested -> active):
  custom:video-decoder-ogg-theora: a1e56fd34408186e4bbccfd4996cb3dc -> 
  custom:container-muxer-webm: aa71ff27fc2769a1b78a27578f13a17b -> 
  custom:container-demuxer-webm: 4f35f7cbe854078d1ac9338744f61a02 -> 
  custom:video-encoder-webm-vp8: eb34c28f22e8b96e1ab97ce403110664 -> 
  custom:audio-encoder-webm-vorbis: bf7c407c2cedff20999df2af8eb42d56 -> 
  custom:framework-win-MediaFoundation: 216162199b28c13a410421893ffa2e32 -> 
  custom:container-demuxer-ogg: 62fdf1f143b41e24485cea50d1cbac27 -> 
  custom:video-decoder-webm-vp8: 9c59270c3fd7afecdb556c50c9e8de78 -> 
  custom:audio-decoder-ogg-vorbis: bf7c407c2cedff20999df2af8eb42d56 -> 
========================================================================
Received Import Request.
  Time since last request: 260.617021 seconds.
  path: Assets/Prefabs/ParentQbos.prefab
  artifactKey: Guid(b2afeaa1bb3b6e744830856eb37d2b27) Importer(815301076,1909f56bfc062723c751e8b465ee728b)
Start importing Assets/Prefabs/ParentQbos.prefab using Guid(b2afeaa1bb3b6e744830856eb37d2b27) Importer(815301076,1909f56bfc062723c751e8b465ee728b)  -> (artifact id: 'fc10c393fc502c03451a06dd3160dfb9') in 0.026116 seconds 
========================================================================
Received Prepare
Refreshing native plugins compatible for Editor in 12.95 ms, found 9 plugins.
Preloading 0 native plugins for Editor in 0.00 ms.
Unloading 49 Unused Serialized files (Serialized files now loaded: 0)
Unloading 49 unused Assets / (496.6 KB). Loaded Objects now: 6920.
Memory consumption went from 119.4 MB to 119.0 MB.
Total: 7.431300 ms (FindLiveObjects: 0.760500 ms CreateObjectMapping: 0.334100 ms MarkObjects: 5.959700 ms  DeleteObjects: 0.375700 ms)

AssetImportParameters requested are different than current active one (requested -> active):
  custom:video-decoder-ogg-theora: a1e56fd34408186e4bbccfd4996cb3dc -> 
  custom:container-muxer-webm: aa71ff27fc2769a1b78a27578f13a17b -> 
  custom:container-demuxer-webm: 4f35f7cbe854078d1ac9338744f61a02 -> 
  custom:video-encoder-webm-vp8: eb34c28f22e8b96e1ab97ce403110664 -> 
  custom:audio-encoder-webm-vorbis: bf7c407c2cedff20999df2af8eb42d56 -> 
  custom:framework-win-MediaFoundation: 216162199b28c13a410421893ffa2e32 -> 
  custom:container-demuxer-ogg: 62fdf1f143b41e24485cea50d1cbac27 -> 
  custom:video-decoder-webm-vp8: 9c59270c3fd7afecdb556c50c9e8de78 -> 
  custom:audio-decoder-ogg-vorbis: bf7c407c2cedff20999df2af8eb42d56 -> 
