Using pre-set license
Built from '2021.3/staging' branch; Version is '2021.3.3f1 (af2e63e8f9bd) revision 11480675'; Using compiler version '192829333'; Build Type 'Release'
OS: 'Windows 10  (10.0.19044) 64bit ProfessionalEducation' Language: 'es' Physical Memory: 32697 MB
BatchMode: 1, IsHumanControllingUs: 0, StartBugReporterOnCrash: 0, Is64bit: 1, IsPro: 1

COMMAND LINE ARGUMENTS:
C:\2021.3.3f1\Editor\Unity.exe
-adb2
-batchMode
-noUpm
-name
AssetImportWorker2
-projectPath
C:/Users/PC/OneDrive/Escritorio/UAQ/ARIngenia/ARUAQ
-logFile
Logs/AssetImportWorker2.log
-srvPort
1405
Successfully changed project path to: C:/Users/PC/OneDrive/Escritorio/UAQ/ARIngenia/ARUAQ
C:/Users/PC/OneDrive/Escritorio/UAQ/ARIngenia/ARUAQ
[UnityMemory] Configuration Parameters - Can be set up in boot.config
    "memorysetup-bucket-allocator-granularity=16"
    "memorysetup-bucket-allocator-bucket-count=8"
    "memorysetup-bucket-allocator-block-size=33554432"
    "memorysetup-bucket-allocator-block-count=8"
    "memorysetup-main-allocator-block-size=16777216"
    "memorysetup-thread-allocator-block-size=16777216"
    "memorysetup-gfx-main-allocator-block-size=16777216"
    "memorysetup-gfx-thread-allocator-block-size=16777216"
    "memorysetup-cache-allocator-block-size=4194304"
    "memorysetup-typetree-allocator-block-size=2097152"
    "memorysetup-profiler-bucket-allocator-granularity=16"
    "memorysetup-profiler-bucket-allocator-bucket-count=8"
    "memorysetup-profiler-bucket-allocator-block-size=33554432"
    "memorysetup-profiler-bucket-allocator-block-count=8"
    "memorysetup-profiler-allocator-block-size=16777216"
    "memorysetup-profiler-editor-allocator-block-size=1048576"
    "memorysetup-temp-allocator-size-main=16777216"
    "memorysetup-job-temp-allocator-block-size=2097152"
    "memorysetup-job-temp-allocator-block-size-background=1048576"
    "memorysetup-job-temp-allocator-reduction-small-platforms=262144"
    "memorysetup-temp-allocator-size-background-worker=32768"
    "memorysetup-temp-allocator-size-job-worker=262144"
    "memorysetup-temp-allocator-size-preload-manager=33554432"
    "memorysetup-temp-allocator-size-nav-mesh-worker=65536"
    "memorysetup-temp-allocator-size-audio-worker=65536"
    "memorysetup-temp-allocator-size-cloud-worker=32768"
    "memorysetup-temp-allocator-size-gi-baking-worker=262144"
    "memorysetup-temp-allocator-size-gfx=262144"
Refreshing native plugins compatible for Editor in 165.51 ms, found 9 plugins.
Preloading 0 native plugins for Editor in 0.00 ms.
Initialize engine version: 2021.3.3f1 (af2e63e8f9bd)
[Subsystems] Discovering subsystems at path C:/2021.3.3f1/Editor/Data/Resources/UnitySubsystems
[Subsystems] Discovering subsystems at path C:/Users/PC/OneDrive/Escritorio/UAQ/ARIngenia/ARUAQ/Assets
GfxDevice: creating device client; threaded=0; jobified=0
Direct3D:
    Version:  Direct3D 11.0 [level 11.1]
    Renderer: NVIDIA GeForce RTX 2070 (ID=0x1f02)
    Vendor:   NVIDIA
    VRAM:     8031 MB
    Driver:   31.0.15.1694
Initialize mono
Mono path[0] = 'C:/2021.3.3f1/Editor/Data/Managed'
Mono path[1] = 'C:/2021.3.3f1/Editor/Data/MonoBleedingEdge/lib/mono/unityjit-win32'
Mono config path = 'C:/2021.3.3f1/Editor/Data/MonoBleedingEdge/etc'
Using monoOptions --debugger-agent=transport=dt_socket,embedding=1,server=y,suspend=n,address=127.0.0.1:56884
Begin MonoManager ReloadAssembly
Registering precompiled unity dll's ...
Register platform support module: C:/2021.3.3f1/Editor/Data/PlaybackEngines/AndroidPlayer/UnityEditor.Android.Extensions.dll
Register platform support module: C:/2021.3.3f1/Editor/Data/PlaybackEngines/WindowsStandaloneSupport/UnityEditor.WindowsStandalone.Extensions.dll
Registered in 0.005301 seconds.
Native extension for WindowsStandalone target not found
Native extension for Android target not found
Refreshing native plugins compatible for Editor in 232.39 ms, found 9 plugins.
Preloading 0 native plugins for Editor in 0.00 ms.
Mono: successfully reloaded assembly
- Completed reload, in  0.914 seconds
Domain Reload Profiling:
	ReloadAssembly (915ms)
		BeginReloadAssembly (82ms)
			ExecutionOrderSort (0ms)
			DisableScriptedObjects (0ms)
			BackupInstance (0ms)
			ReleaseScriptingObjects (0ms)
			CreateAndSetChildDomain (1ms)
		EndReloadAssembly (709ms)
			LoadAssemblies (80ms)
			RebuildTransferFunctionScriptingTraits (0ms)
			SetupTypeCache (119ms)
			ReleaseScriptCaches (0ms)
			RebuildScriptCaches (28ms)
			SetupLoadedEditorAssemblies (502ms)
				LogAssemblyErrors (0ms)
				InitializePlatformSupportModulesInManaged (66ms)
				SetLoadedEditorAssemblies (0ms)
				RefreshPlugins (233ms)
				BeforeProcessingInitializeOnLoad (2ms)
				ProcessInitializeOnLoadAttributes (134ms)
				ProcessInitializeOnLoadMethodAttributes (67ms)
				AfterProcessingInitializeOnLoad (0ms)
				EditorAssembliesLoaded (0ms)
			ExecutionOrderSort2 (0ms)
			AwakeInstancesAfterBackupRestoration (0ms)
Platform modules already initialized, skipping
Registering precompiled user dll's ...
Registered in 0.017028 seconds.
Begin MonoManager ReloadAssembly
Symbol file LoadedFromMemory doesn't match image C:\Users\PC\OneDrive\Escritorio\UAQ\ARIngenia\ARUAQ\Library\PackageCache\com.unity.visualscripting@1.7.6\Editor\VisualScripting.Core\Dependencies\DotNetZip\Unity.VisualScripting.IonicZip.dll
Symbol file LoadedFromMemory doesn't match image C:\Users\PC\OneDrive\Escritorio\UAQ\ARIngenia\ARUAQ\Library\PackageCache\com.unity.visualscripting@1.7.6\Editor\VisualScripting.Core\Dependencies\YamlDotNet\Unity.VisualScripting.YamlDotNet.dll
Native extension for WindowsStandalone target not found
Native extension for Android target not found
Refreshing native plugins compatible for Editor in 171.40 ms, found 9 plugins.
Preloading 0 native plugins for Editor in 0.00 ms.
Package Manager log level set to [2]
Mono: successfully reloaded assembly
- Completed reload, in  1.987 seconds
Domain Reload Profiling:
	ReloadAssembly (1988ms)
		BeginReloadAssembly (239ms)
			ExecutionOrderSort (0ms)
			DisableScriptedObjects (8ms)
			BackupInstance (0ms)
			ReleaseScriptingObjects (0ms)
			CreateAndSetChildDomain (129ms)
		EndReloadAssembly (1601ms)
			LoadAssemblies (134ms)
			RebuildTransferFunctionScriptingTraits (0ms)
			SetupTypeCache (434ms)
			ReleaseScriptCaches (1ms)
			RebuildScriptCaches (88ms)
			SetupLoadedEditorAssemblies (885ms)
				LogAssemblyErrors (0ms)
				InitializePlatformSupportModulesInManaged (14ms)
				SetLoadedEditorAssemblies (0ms)
				RefreshPlugins (171ms)
				BeforeProcessingInitializeOnLoad (195ms)
				ProcessInitializeOnLoadAttributes (392ms)
				ProcessInitializeOnLoadMethodAttributes (104ms)
				AfterProcessingInitializeOnLoad (9ms)
				EditorAssembliesLoaded (1ms)
			ExecutionOrderSort2 (0ms)
			AwakeInstancesAfterBackupRestoration (6ms)
Platform modules already initialized, skipping
========================================================================
Worker process is ready to serve import requests
Launched and connected shader compiler UnityShaderCompiler.exe after 0.06 seconds
Refreshing native plugins compatible for Editor in 2.77 ms, found 9 plugins.
Preloading 0 native plugins for Editor in 0.00 ms.
Unloading 6352 Unused Serialized files (Serialized files now loaded: 0)
Unloading 57 unused Assets / (457.7 KB). Loaded Objects now: 6788.
Memory consumption went from 241.7 MB to 241.2 MB.
Total: 5.595000 ms (FindLiveObjects: 0.691100 ms CreateObjectMapping: 0.264600 ms MarkObjects: 4.285300 ms  DeleteObjects: 0.352800 ms)

AssetImportParameters requested are different than current active one (requested -> active):
  custom:video-decoder-ogg-theora: a1e56fd34408186e4bbccfd4996cb3dc -> 
  custom:container-muxer-webm: aa71ff27fc2769a1b78a27578f13a17b -> 
  custom:container-demuxer-webm: 4f35f7cbe854078d1ac9338744f61a02 -> 
  custom:video-encoder-webm-vp8: eb34c28f22e8b96e1ab97ce403110664 -> 
  custom:audio-encoder-webm-vorbis: bf7c407c2cedff20999df2af8eb42d56 -> 
  custom:framework-win-MediaFoundation: 216162199b28c13a410421893ffa2e32 -> 
  custom:container-demuxer-ogg: 62fdf1f143b41e24485cea50d1cbac27 -> 
  custom:video-decoder-webm-vp8: 9c59270c3fd7afecdb556c50c9e8de78 -> 
  custom:audio-decoder-ogg-vorbis: bf7c407c2cedff20999df2af8eb42d56 -> 
========================================================================
Received Import Request.
  Time since last request: 15749.765051 seconds.
  path: Assets/Prefabs
  artifactKey: Guid(0c1bb447357b8194597c0a77b1cfa2be) Importer(815301076,1909f56bfc062723c751e8b465ee728b)
Start importing Assets/Prefabs using Guid(0c1bb447357b8194597c0a77b1cfa2be) Importer(815301076,1909f56bfc062723c751e8b465ee728b)  -> (artifact id: 'b10b398a743306e3301bf7f918c05eaa') in 0.016628 seconds 
========================================================================
Received Import Request.
  Time since last request: 84.460290 seconds.
  path: Assets/Prefabs/ParentQbos.prefab
  artifactKey: Guid(b2afeaa1bb3b6e744830856eb37d2b27) Importer(815301076,1909f56bfc062723c751e8b465ee728b)
Start importing Assets/Prefabs/ParentQbos.prefab using Guid(b2afeaa1bb3b6e744830856eb37d2b27) Importer(815301076,1909f56bfc062723c751e8b465ee728b)  -> (artifact id: 'fee557faeeabbad867de8e078b1cd13b') in 0.286453 seconds 
========================================================================
Received Import Request.
  Time since last request: 0.485930 seconds.
  path: Assets/Prefabs/ParentQbos.prefab
  artifactKey: Guid(b2afeaa1bb3b6e744830856eb37d2b27) Importer(815301076,1909f56bfc062723c751e8b465ee728b)
Start importing Assets/Prefabs/ParentQbos.prefab using Guid(b2afeaa1bb3b6e744830856eb37d2b27) Importer(815301076,1909f56bfc062723c751e8b465ee728b)  -> (artifact id: '9bfe5568a288c3f8e51f9c8921795648') in 0.025367 seconds 
========================================================================
Received Import Request.
  Time since last request: 12.742729 seconds.
  path: Assets/Prefabs/ParentQbos.prefab
  artifactKey: Guid(b2afeaa1bb3b6e744830856eb37d2b27) Importer(815301076,1909f56bfc062723c751e8b465ee728b)
Start importing Assets/Prefabs/ParentQbos.prefab using Guid(b2afeaa1bb3b6e744830856eb37d2b27) Importer(815301076,1909f56bfc062723c751e8b465ee728b)  -> (artifact id: '34f67eb58703194c4933f9d3b4088fb6') in 0.025691 seconds 
========================================================================
Received Import Request.
  Time since last request: 1.990681 seconds.
  path: Assets/Prefabs/ParentQbos.prefab
  artifactKey: Guid(b2afeaa1bb3b6e744830856eb37d2b27) Importer(815301076,1909f56bfc062723c751e8b465ee728b)
Start importing Assets/Prefabs/ParentQbos.prefab using Guid(b2afeaa1bb3b6e744830856eb37d2b27) Importer(815301076,1909f56bfc062723c751e8b465ee728b)  -> (artifact id: '4fcd48bc6ff62ac74042e34342daa85b') in 0.025848 seconds 
========================================================================
Received Import Request.
  Time since last request: 8.214304 seconds.
  path: Assets/Prefabs/ParentQbos.prefab
  artifactKey: Guid(b2afeaa1bb3b6e744830856eb37d2b27) Importer(815301076,1909f56bfc062723c751e8b465ee728b)
Start importing Assets/Prefabs/ParentQbos.prefab using Guid(b2afeaa1bb3b6e744830856eb37d2b27) Importer(815301076,1909f56bfc062723c751e8b465ee728b)  -> (artifact id: 'd7b54ebfee3acb0ec24c85c2bbae0bf0') in 0.020490 seconds 
========================================================================
Received Import Request.
  Time since last request: 0.393598 seconds.
  path: Assets/Prefabs/ParentQbos.prefab
  artifactKey: Guid(b2afeaa1bb3b6e744830856eb37d2b27) Importer(815301076,1909f56bfc062723c751e8b465ee728b)
Start importing Assets/Prefabs/ParentQbos.prefab using Guid(b2afeaa1bb3b6e744830856eb37d2b27) Importer(815301076,1909f56bfc062723c751e8b465ee728b)  -> (artifact id: '1ce62d44fbeaa15136bac458817d10c7') in 0.021694 seconds 
========================================================================
Received Import Request.
  Time since last request: 0.324008 seconds.
  path: Assets/Prefabs/ParentQbos.prefab
  artifactKey: Guid(b2afeaa1bb3b6e744830856eb37d2b27) Importer(815301076,1909f56bfc062723c751e8b465ee728b)
Start importing Assets/Prefabs/ParentQbos.prefab using Guid(b2afeaa1bb3b6e744830856eb37d2b27) Importer(815301076,1909f56bfc062723c751e8b465ee728b)  -> (artifact id: '38f1503f49eca5f915fa8130f908c326') in 0.020583 seconds 
========================================================================
Received Import Request.
  Time since last request: 8.649284 seconds.
  path: Assets/Scenes
  artifactKey: Guid(fea2b03111fd44c01a102c644b335bab) Importer(815301076,1909f56bfc062723c751e8b465ee728b)
Start importing Assets/Scenes using Guid(fea2b03111fd44c01a102c644b335bab) Importer(815301076,1909f56bfc062723c751e8b465ee728b)  -> (artifact id: '7f4d8491254060b9bfde9d7ba88fc176') in 0.007491 seconds 
========================================================================
Received Import Request.
  Time since last request: 11.749839 seconds.
  path: Assets/Scenes/Instructions.unity
  artifactKey: Guid(a34805084c7a2aa499a81601daf5a292) Importer(815301076,1909f56bfc062723c751e8b465ee728b)
Start importing Assets/Scenes/Instructions.unity using Guid(a34805084c7a2aa499a81601daf5a292) Importer(815301076,1909f56bfc062723c751e8b465ee728b)  -> (artifact id: '742f0caeb8557a2852be901717126762') in 0.007680 seconds 
========================================================================
Received Import Request.
  Time since last request: 121.987642 seconds.
  path: Assets/TextMesh Pro/Resources/Fonts & Materials/LiberationSans SDF.asset
  artifactKey: Guid(8f586378b4e144a9851e7b34d9b748ee) Importer(815301076,1909f56bfc062723c751e8b465ee728b)
Start importing Assets/TextMesh Pro/Resources/Fonts & Materials/LiberationSans SDF.asset using Guid(8f586378b4e144a9851e7b34d9b748ee) Importer(815301076,1909f56bfc062723c751e8b465ee728b)  -> (artifact id: '82020258921591e31b676beceeac2fc2') in 0.141291 seconds 
========================================================================
Received Import Request.
  Time since last request: 2.594255 seconds.
  path: Assets/FONTS
  artifactKey: Guid(10e1f42d785cbf747a07708c146cac33) Importer(815301076,1909f56bfc062723c751e8b465ee728b)
Start importing Assets/FONTS using Guid(10e1f42d785cbf747a07708c146cac33) Importer(815301076,1909f56bfc062723c751e8b465ee728b)  -> (artifact id: '13656fd979239db2c5b171afd6f0d3df') in 0.008631 seconds 
========================================================================
Received Import Request.
  Time since last request: 0.011216 seconds.
  path: Assets/FONTS/DIN-Bold.otf
  artifactKey: Guid(b01e663420699b14fb86f3b3e37347c7) Importer(815301076,1909f56bfc062723c751e8b465ee728b)
Start importing Assets/FONTS/DIN-Bold.otf using Guid(b01e663420699b14fb86f3b3e37347c7) Importer(815301076,1909f56bfc062723c751e8b465ee728b)  -> (artifact id: 'f8da9cc28ed8dc5d6c2927532fa69ff2') in 0.063670 seconds 
========================================================================
Received Import Request.
  Time since last request: 0.000052 seconds.
  path: Assets/FONTS/Kastelov - Axiforma Bold.otf
  artifactKey: Guid(f438c70b3601af04b869824b35edd0dc) Importer(815301076,1909f56bfc062723c751e8b465ee728b)
Start importing Assets/FONTS/Kastelov - Axiforma Bold.otf using Guid(f438c70b3601af04b869824b35edd0dc) Importer(815301076,1909f56bfc062723c751e8b465ee728b)  -> (artifact id: 'c9e5536463e61301cc3a171c66344440') in 0.036414 seconds 
========================================================================
Received Import Request.
  Time since last request: 98.707235 seconds.
  path: Assets/TextMesh Pro/Resources/Fonts & Materials/LiberationSans SDF - Drop Shadow.mat
  artifactKey: Guid(e73a58f6e2794ae7b1b7e50b7fb811b0) Importer(815301076,1909f56bfc062723c751e8b465ee728b)
Start importing Assets/TextMesh Pro/Resources/Fonts & Materials/LiberationSans SDF - Drop Shadow.mat using Guid(e73a58f6e2794ae7b1b7e50b7fb811b0) Importer(815301076,1909f56bfc062723c751e8b465ee728b)  -> (artifact id: '0d60e96bda2a244db3f7218130082bd5') in 0.099383 seconds 
========================================================================
Received Import Request.
  Time since last request: 1.248019 seconds.
  path: Assets/TextMesh Pro/Resources/Fonts & Materials
  artifactKey: Guid(731f1baa9d144a9897cb1d341c2092b8) Importer(815301076,1909f56bfc062723c751e8b465ee728b)
Start importing Assets/TextMesh Pro/Resources/Fonts & Materials using Guid(731f1baa9d144a9897cb1d341c2092b8) Importer(815301076,1909f56bfc062723c751e8b465ee728b)  -> (artifact id: 'a8a5343dd66316b9eb35bafbffda078a') in 0.009395 seconds 
========================================================================
Received Import Request.
  Time since last request: 6.820280 seconds.
  path: Assets/TextMesh Pro/Resources/TMP Settings.asset
  artifactKey: Guid(3f5b5dff67a942289a9defa416b206f3) Importer(815301076,1909f56bfc062723c751e8b465ee728b)
Start importing Assets/TextMesh Pro/Resources/TMP Settings.asset using Guid(3f5b5dff67a942289a9defa416b206f3) Importer(815301076,1909f56bfc062723c751e8b465ee728b)  -> (artifact id: '6ccf011043104a4f9f9cdec1e668a444') in 0.036750 seconds 
========================================================================
Received Import Request.
  Time since last request: 95.307390 seconds.
  path: Assets/FONTS/DIN-Bold SDF.asset
  artifactKey: Guid(7004877c63d03cf46ae6dd5cd81d9c10) Importer(815301076,1909f56bfc062723c751e8b465ee728b)
Start importing Assets/FONTS/DIN-Bold SDF.asset using Guid(7004877c63d03cf46ae6dd5cd81d9c10) Importer(815301076,1909f56bfc062723c751e8b465ee728b) Shader 'TextMeshPro/Distance Field': fallback shader 'TextMeshPro/Mobile/Distance Field' not found
 -> (artifact id: '4eb07e6afd5e4eee945b493550f60528') in 0.096590 seconds 
========================================================================
Received Import Request.
  Time since last request: 7.986249 seconds.
  path: Assets/FONTS/DINRegular SDF.asset
  artifactKey: Guid(1b2e9b93e159fd84282b0ce81c60fb43) Importer(815301076,1909f56bfc062723c751e8b465ee728b)
Start importing Assets/FONTS/DINRegular SDF.asset using Guid(1b2e9b93e159fd84282b0ce81c60fb43) Importer(815301076,1909f56bfc062723c751e8b465ee728b) Shader 'TextMeshPro/Distance Field': fallback shader 'TextMeshPro/Mobile/Distance Field' not found
 -> (artifact id: '14c579b60c8a9ca07425afda0571e201') in 0.030871 seconds 
========================================================================
Received Import Request.
  Time since last request: 7.505021 seconds.
  path: Assets/FONTS/Grtsk-Giga-Bold SDF.asset
  artifactKey: Guid(5997c7d2bff25d5408071994e79e3e15) Importer(815301076,1909f56bfc062723c751e8b465ee728b)
Start importing Assets/FONTS/Grtsk-Giga-Bold SDF.asset using Guid(5997c7d2bff25d5408071994e79e3e15) Importer(815301076,1909f56bfc062723c751e8b465ee728b) Shader 'TextMeshPro/Distance Field': fallback shader 'TextMeshPro/Mobile/Distance Field' not found
 -> (artifact id: 'e1db4bf8071c0ec682f1ef024e33ac78') in 0.029534 seconds 
========================================================================
Received Import Request.
  Time since last request: 6.311896 seconds.
  path: Assets/FONTS/Kastelov - Axiforma Bold SDF.asset
  artifactKey: Guid(bd841b5334740fd4eb168df49d2b12c6) Importer(815301076,1909f56bfc062723c751e8b465ee728b)
Start importing Assets/FONTS/Kastelov - Axiforma Bold SDF.asset using Guid(bd841b5334740fd4eb168df49d2b12c6) Importer(815301076,1909f56bfc062723c751e8b465ee728b) Shader 'TextMeshPro/Distance Field': fallback shader 'TextMeshPro/Mobile/Distance Field' not found
 -> (artifact id: '0fa6005d3de1aef60583f6e05cc07398') in 0.033722 seconds 
========================================================================
Received Import Request.
  Time since last request: 45.986798 seconds.
  path: Assets/TextMesh Pro/Resources/Fonts & Materials/LiberationSans SDF - Fallback.asset
  artifactKey: Guid(2e498d1c8094910479dc3e1b768306a4) Importer(815301076,1909f56bfc062723c751e8b465ee728b)
Start importing Assets/TextMesh Pro/Resources/Fonts & Materials/LiberationSans SDF - Fallback.asset using Guid(2e498d1c8094910479dc3e1b768306a4) Importer(815301076,1909f56bfc062723c751e8b465ee728b)  -> (artifact id: 'e7ff409593a3f5da3fe228172d48d78d') in 0.028187 seconds 
========================================================================
Received Import Request.
  Time since last request: 370.232918 seconds.
  path: Assets/ExampleAssets/Tutorial/Images/1-welcome-screen-image.png
  artifactKey: Guid(a36153625af524c1f9fb6e04b5ed3e1c) Importer(815301076,1909f56bfc062723c751e8b465ee728b)
Start importing Assets/ExampleAssets/Tutorial/Images/1-welcome-screen-image.png using Guid(a36153625af524c1f9fb6e04b5ed3e1c) Importer(815301076,1909f56bfc062723c751e8b465ee728b)  -> (artifact id: '689757c73ea4d8c5b09a5180850a7c01') in 0.092366 seconds 
========================================================================
Received Import Request.
  Time since last request: 0.000043 seconds.
  path: Assets/Plugins/CW/LeanTouch/Examples/Textures/ArrowStraight.png
  artifactKey: Guid(f613827a3c667ec40b5b739c13f5524c) Importer(815301076,1909f56bfc062723c751e8b465ee728b)
Start importing Assets/Plugins/CW/LeanTouch/Examples/Textures/ArrowStraight.png using Guid(f613827a3c667ec40b5b739c13f5524c) Importer(815301076,1909f56bfc062723c751e8b465ee728b)  -> (artifact id: '7e855f93fcec1e6bb575f0fe74ad8cb7') in 0.040532 seconds 
========================================================================
Received Import Request.
  Time since last request: 0.000043 seconds.
  path: Assets/Plugins/CW/LeanTouch/Examples/Textures/ArrowTwist.png
  artifactKey: Guid(7b25799558afacf429800c96974fe5e3) Importer(815301076,1909f56bfc062723c751e8b465ee728b)
Start importing Assets/Plugins/CW/LeanTouch/Examples/Textures/ArrowTwist.png using Guid(7b25799558afacf429800c96974fe5e3) Importer(815301076,1909f56bfc062723c751e8b465ee728b)  -> (artifact id: 'd335d58c980b97164eac468ea54f8d58') in 0.037761 seconds 
========================================================================
Received Import Request.
  Time since last request: 0.000042 seconds.
  path: Assets/Plugins/CW/Shared/Common/Examples/Textures/DemoRight.png
  artifactKey: Guid(873b489a73575b14fa7f49597735beaa) Importer(815301076,1909f56bfc062723c751e8b465ee728b)
Start importing Assets/Plugins/CW/Shared/Common/Examples/Textures/DemoRight.png using Guid(873b489a73575b14fa7f49597735beaa) Importer(815301076,1909f56bfc062723c751e8b465ee728b)  -> (artifact id: 'b517d1d79a8526e8c6af2e08d338ba32') in 0.032812 seconds 
========================================================================
Received Import Request.
  Time since last request: 0.000058 seconds.
  path: Assets/Plugins/CW/LeanTouch/Examples/Textures/GlowingTrail.png
  artifactKey: Guid(8aa2527d78a48b5429dff156ab3641aa) Importer(815301076,1909f56bfc062723c751e8b465ee728b)
Start importing Assets/Plugins/CW/LeanTouch/Examples/Textures/GlowingTrail.png using Guid(8aa2527d78a48b5429dff156ab3641aa) Importer(815301076,1909f56bfc062723c751e8b465ee728b)  -> (artifact id: 'a5280eb307f5b249079d12dc6773bcd2') in 0.019292 seconds 
========================================================================
Received Import Request.
  Time since last request: 0.000064 seconds.
  path: Assets/Plugins/CW/LeanTouch/Examples/Textures/GlowingDot.png
  artifactKey: Guid(9901a65a1d946ed4db1bc132812d1f0b) Importer(815301076,1909f56bfc062723c751e8b465ee728b)
Start importing Assets/Plugins/CW/LeanTouch/Examples/Textures/GlowingDot.png using Guid(9901a65a1d946ed4db1bc132812d1f0b) Importer(815301076,1909f56bfc062723c751e8b465ee728b)  -> (artifact id: '9eec9f18b1aff3d9e2e27d99efc8d836') in 0.036038 seconds 
========================================================================
Received Import Request.
  Time since last request: 0.000060 seconds.
  path: Assets/Plugins/CW/LeanTouch/Examples/Textures/FingerVisualization.png
  artifactKey: Guid(25c48be3a87ea0f489a6d41c9c9a2194) Importer(815301076,1909f56bfc062723c751e8b465ee728b)
Start importing Assets/Plugins/CW/LeanTouch/Examples/Textures/FingerVisualization.png using Guid(25c48be3a87ea0f489a6d41c9c9a2194) Importer(815301076,1909f56bfc062723c751e8b465ee728b)  -> (artifact id: 'a5c67f58cc16d9411ff95c2bbc4f3b33') in 0.022129 seconds 
========================================================================
Received Import Request.
  Time since last request: 0.000043 seconds.
  path: Assets/Plugins/CW/LeanTouch/Examples/Textures/BigLogo+.png
  artifactKey: Guid(864e18f746f74c347b411bcb8a69d426) Importer(815301076,1909f56bfc062723c751e8b465ee728b)
Start importing Assets/Plugins/CW/LeanTouch/Examples/Textures/BigLogo+.png using Guid(864e18f746f74c347b411bcb8a69d426) Importer(815301076,1909f56bfc062723c751e8b465ee728b)  -> (artifact id: 'd8a4dec1eb9d11d7fe1cccf30741c8e2') in 0.035423 seconds 
========================================================================
Received Import Request.
  Time since last request: 0.000056 seconds.
  path: Assets/Plugins/CW/Shared/Common/Examples/Textures/Grid.png
  artifactKey: Guid(026cfa8e99aa0914faa770f5d4c58a23) Importer(815301076,1909f56bfc062723c751e8b465ee728b)
Start importing Assets/Plugins/CW/Shared/Common/Examples/Textures/Grid.png using Guid(026cfa8e99aa0914faa770f5d4c58a23) Importer(815301076,1909f56bfc062723c751e8b465ee728b)  -> (artifact id: '88554d5fd4d3f7f6a22aea5e4177c3d4') in 0.020258 seconds 
========================================================================
Received Import Request.
  Time since last request: 0.574298 seconds.
  path: Assets/Plugins/CW/LeanTouch/Examples/Textures/Logo+.png
  artifactKey: Guid(9674de981b92a37429713c21f4b149ff) Importer(815301076,1909f56bfc062723c751e8b465ee728b)
Start importing Assets/Plugins/CW/LeanTouch/Examples/Textures/Logo+.png using Guid(9674de981b92a37429713c21f4b149ff) Importer(815301076,1909f56bfc062723c751e8b465ee728b)  -> (artifact id: '4b9cb6195cae7189d8fbc65820e3fd07') in 0.025993 seconds 
========================================================================
Received Import Request.
  Time since last request: 0.000036 seconds.
  path: Assets/Plugins/CW/LeanTouch/Examples/Textures/Square.png
  artifactKey: Guid(acc73d9fcd4c1f1418c2e41248a0bc6b) Importer(815301076,1909f56bfc062723c751e8b465ee728b)
Start importing Assets/Plugins/CW/LeanTouch/Examples/Textures/Square.png using Guid(acc73d9fcd4c1f1418c2e41248a0bc6b) Importer(815301076,1909f56bfc062723c751e8b465ee728b)  -> (artifact id: '734b7f846593114611c10b78d4227a46') in 0.027119 seconds 
========================================================================
Received Import Request.
  Time since last request: 0.000040 seconds.
  path: Assets/Plugins/CW/LeanCommon/Examples/Textures/Plus.png
  artifactKey: Guid(db2224dd326a6f447817905cfc1a363f) Importer(815301076,1909f56bfc062723c751e8b465ee728b)
Start importing Assets/Plugins/CW/LeanCommon/Examples/Textures/Plus.png using Guid(db2224dd326a6f447817905cfc1a363f) Importer(815301076,1909f56bfc062723c751e8b465ee728b)  -> (artifact id: 'c949372913322cfd27339677528eab18') in 0.034928 seconds 
========================================================================
Received Import Request.
  Time since last request: 39.689855 seconds.
  path: Assets/FONTS/DINRegular SDF.asset
  artifactKey: Guid(1b2e9b93e159fd84282b0ce81c60fb43) Importer(815301076,1909f56bfc062723c751e8b465ee728b)
Start importing Assets/FONTS/DINRegular SDF.asset using Guid(1b2e9b93e159fd84282b0ce81c60fb43) Importer(815301076,1909f56bfc062723c751e8b465ee728b) Shader 'TextMeshPro/Distance Field': fallback shader 'TextMeshPro/Mobile/Distance Field' not found
 -> (artifact id: '93b76c53bb0e4f323eef2f89291db44d') in 0.034403 seconds 
Editor requested this worker to shutdown with reason: Scaling down because of idle timeout
AssetImportWorker is now disconnected from the server
Process exiting
Exiting without the bug reporter. Application will terminate with return code 0