Using pre-set license
Built from '2021.3/staging' branch; Version is '2021.3.3f1 (af2e63e8f9bd) revision 11480675'; Using compiler version '192829333'; Build Type 'Release'
OS: 'Windows 10  (10.0.19044) 64bit ProfessionalEducation' Language: 'es' Physical Memory: 32697 MB
BatchMode: 1, IsHumanControllingUs: 0, StartBugReporterOnCrash: 0, Is64bit: 1, IsPro: 1

COMMAND LINE ARGUMENTS:
C:\2021.3.3f1\Editor\Unity.exe
-adb2
-batchMode
-noUpm
-name
AssetImportWorker4
-projectPath
C:/Users/PC/OneDrive/Escritorio/UAQ/ARIngenia/ARUAQ
-logFile
Logs/AssetImportWorker4.log
-srvPort
3582
Successfully changed project path to: C:/Users/PC/OneDrive/Escritorio/UAQ/ARIngenia/ARUAQ
C:/Users/PC/OneDrive/Escritorio/UAQ/ARIngenia/ARUAQ
[UnityMemory] Configuration Parameters - Can be set up in boot.config
    "memorysetup-bucket-allocator-granularity=16"
    "memorysetup-bucket-allocator-bucket-count=8"
    "memorysetup-bucket-allocator-block-size=33554432"
    "memorysetup-bucket-allocator-block-count=8"
    "memorysetup-main-allocator-block-size=16777216"
    "memorysetup-thread-allocator-block-size=16777216"
    "memorysetup-gfx-main-allocator-block-size=16777216"
    "memorysetup-gfx-thread-allocator-block-size=16777216"
    "memorysetup-cache-allocator-block-size=4194304"
    "memorysetup-typetree-allocator-block-size=2097152"
    "memorysetup-profiler-bucket-allocator-granularity=16"
    "memorysetup-profiler-bucket-allocator-bucket-count=8"
    "memorysetup-profiler-bucket-allocator-block-size=33554432"
    "memorysetup-profiler-bucket-allocator-block-count=8"
    "memorysetup-profiler-allocator-block-size=16777216"
    "memorysetup-profiler-editor-allocator-block-size=1048576"
    "memorysetup-temp-allocator-size-main=16777216"
    "memorysetup-job-temp-allocator-block-size=2097152"
    "memorysetup-job-temp-allocator-block-size-background=1048576"
    "memorysetup-job-temp-allocator-reduction-small-platforms=262144"
    "memorysetup-temp-allocator-size-background-worker=32768"
    "memorysetup-temp-allocator-size-job-worker=262144"
    "memorysetup-temp-allocator-size-preload-manager=33554432"
    "memorysetup-temp-allocator-size-nav-mesh-worker=65536"
    "memorysetup-temp-allocator-size-audio-worker=65536"
    "memorysetup-temp-allocator-size-cloud-worker=32768"
    "memorysetup-temp-allocator-size-gi-baking-worker=262144"
    "memorysetup-temp-allocator-size-gfx=262144"
Refreshing native plugins compatible for Editor in 169.29 ms, found 9 plugins.
Preloading 0 native plugins for Editor in 0.00 ms.
Initialize engine version: 2021.3.3f1 (af2e63e8f9bd)
[Subsystems] Discovering subsystems at path C:/2021.3.3f1/Editor/Data/Resources/UnitySubsystems
[Subsystems] Discovering subsystems at path C:/Users/PC/OneDrive/Escritorio/UAQ/ARIngenia/ARUAQ/Assets
GfxDevice: creating device client; threaded=0; jobified=0
Direct3D:
    Version:  Direct3D 11.0 [level 11.1]
    Renderer: NVIDIA GeForce RTX 2070 (ID=0x1f02)
    Vendor:   NVIDIA
    VRAM:     8031 MB
    Driver:   31.0.15.1694
Initialize mono
Mono path[0] = 'C:/2021.3.3f1/Editor/Data/Managed'
Mono path[1] = 'C:/2021.3.3f1/Editor/Data/MonoBleedingEdge/lib/mono/unityjit-win32'
Mono config path = 'C:/2021.3.3f1/Editor/Data/MonoBleedingEdge/etc'
Using monoOptions --debugger-agent=transport=dt_socket,embedding=1,server=y,suspend=n,address=127.0.0.1:56768
Begin MonoManager ReloadAssembly
Registering precompiled unity dll's ...
Register platform support module: C:/2021.3.3f1/Editor/Data/PlaybackEngines/AndroidPlayer/UnityEditor.Android.Extensions.dll
Register platform support module: C:/2021.3.3f1/Editor/Data/PlaybackEngines/WindowsStandaloneSupport/UnityEditor.WindowsStandalone.Extensions.dll
Registered in 0.005773 seconds.
Native extension for WindowsStandalone target not found
Native extension for Android target not found
Refreshing native plugins compatible for Editor in 159.36 ms, found 9 plugins.
Preloading 0 native plugins for Editor in 0.00 ms.
Mono: successfully reloaded assembly
- Completed reload, in  0.796 seconds
Domain Reload Profiling:
	ReloadAssembly (796ms)
		BeginReloadAssembly (75ms)
			ExecutionOrderSort (0ms)
			DisableScriptedObjects (0ms)
			BackupInstance (0ms)
			ReleaseScriptingObjects (0ms)
			CreateAndSetChildDomain (1ms)
		EndReloadAssembly (593ms)
			LoadAssemblies (73ms)
			RebuildTransferFunctionScriptingTraits (0ms)
			SetupTypeCache (116ms)
			ReleaseScriptCaches (0ms)
			RebuildScriptCaches (35ms)
			SetupLoadedEditorAssemblies (377ms)
				LogAssemblyErrors (0ms)
				InitializePlatformSupportModulesInManaged (64ms)
				SetLoadedEditorAssemblies (0ms)
				RefreshPlugins (159ms)
				BeforeProcessingInitializeOnLoad (1ms)
				ProcessInitializeOnLoadAttributes (106ms)
				ProcessInitializeOnLoadMethodAttributes (46ms)
				AfterProcessingInitializeOnLoad (0ms)
				EditorAssembliesLoaded (0ms)
			ExecutionOrderSort2 (0ms)
			AwakeInstancesAfterBackupRestoration (0ms)
Platform modules already initialized, skipping
Registering precompiled user dll's ...
Registered in 0.017255 seconds.
Begin MonoManager ReloadAssembly
Symbol file LoadedFromMemory doesn't match image C:\Users\PC\OneDrive\Escritorio\UAQ\ARIngenia\ARUAQ\Library\PackageCache\com.unity.visualscripting@1.7.6\Editor\VisualScripting.Core\Dependencies\DotNetZip\Unity.VisualScripting.IonicZip.dll
Symbol file LoadedFromMemory doesn't match image C:\Users\PC\OneDrive\Escritorio\UAQ\ARIngenia\ARUAQ\Library\PackageCache\com.unity.visualscripting@1.7.6\Editor\VisualScripting.Core\Dependencies\YamlDotNet\Unity.VisualScripting.YamlDotNet.dll
Native extension for WindowsStandalone target not found
Native extension for Android target not found
Refreshing native plugins compatible for Editor in 161.78 ms, found 9 plugins.
Preloading 0 native plugins for Editor in 0.00 ms.
Package Manager log level set to [2]
Mono: successfully reloaded assembly
- Completed reload, in  1.887 seconds
Domain Reload Profiling:
	ReloadAssembly (1887ms)
		BeginReloadAssembly (256ms)
			ExecutionOrderSort (0ms)
			DisableScriptedObjects (6ms)
			BackupInstance (0ms)
			ReleaseScriptingObjects (0ms)
			CreateAndSetChildDomain (126ms)
		EndReloadAssembly (1424ms)
			LoadAssemblies (152ms)
			RebuildTransferFunctionScriptingTraits (0ms)
			SetupTypeCache (352ms)
			ReleaseScriptCaches (1ms)
			RebuildScriptCaches (81ms)
			SetupLoadedEditorAssemblies (812ms)
				LogAssemblyErrors (0ms)
				InitializePlatformSupportModulesInManaged (14ms)
				SetLoadedEditorAssemblies (0ms)
				RefreshPlugins (162ms)
				BeforeProcessingInitializeOnLoad (191ms)
				ProcessInitializeOnLoadAttributes (347ms)
				ProcessInitializeOnLoadMethodAttributes (90ms)
				AfterProcessingInitializeOnLoad (8ms)
				EditorAssembliesLoaded (0ms)
			ExecutionOrderSort2 (0ms)
			AwakeInstancesAfterBackupRestoration (6ms)
Platform modules already initialized, skipping
========================================================================
Worker process is ready to serve import requests
Switching render pipeline 00000000000000000000000000000000 -> 18bd616cd0128c643bbcd99453bdc34d
Launched and connected shader compiler UnityShaderCompiler.exe after 0.06 seconds
Refreshing native plugins compatible for Editor in 1.44 ms, found 9 plugins.
Preloading 0 native plugins for Editor in 0.00 ms.
Unloading 6352 Unused Serialized files (Serialized files now loaded: 0)
Unloading 60 unused Assets / (0.5 MB). Loaded Objects now: 6784.
Memory consumption went from 239.2 MB to 238.7 MB.
Total: 5.874000 ms (FindLiveObjects: 0.723000 ms CreateObjectMapping: 0.262700 ms MarkObjects: 4.493000 ms  DeleteObjects: 0.393400 ms)

AssetImportParameters requested are different than current active one (requested -> active):
  custom:video-decoder-ogg-theora: a1e56fd34408186e4bbccfd4996cb3dc -> 
  custom:container-muxer-webm: aa71ff27fc2769a1b78a27578f13a17b -> 
  custom:container-demuxer-webm: 4f35f7cbe854078d1ac9338744f61a02 -> 
  custom:video-encoder-webm-vp8: eb34c28f22e8b96e1ab97ce403110664 -> 
  custom:audio-encoder-webm-vorbis: bf7c407c2cedff20999df2af8eb42d56 -> 
  custom:framework-win-MediaFoundation: 216162199b28c13a410421893ffa2e32 -> 
  custom:container-demuxer-ogg: 62fdf1f143b41e24485cea50d1cbac27 -> 
  custom:video-decoder-webm-vp8: 9c59270c3fd7afecdb556c50c9e8de78 -> 
  custom:audio-decoder-ogg-vorbis: bf7c407c2cedff20999df2af8eb42d56 -> 
========================================================================
Received Import Request.
  Time since last request: 2300.496818 seconds.
  path: Assets/Prefabs/qbos.prefab
  artifactKey: Guid(257753d3a4032ee409b4b98dbbb1f487) Importer(815301076,1909f56bfc062723c751e8b465ee728b)
Start importing Assets/Prefabs/qbos.prefab using Guid(257753d3a4032ee409b4b98dbbb1f487) Importer(815301076,1909f56bfc062723c751e8b465ee728b)  -> (artifact id: 'e6c1a34321852ae73921b15a37782875') in 0.661584 seconds 
========================================================================
Received Import Request.
  Time since last request: 9.002477 seconds.
  path: Assets/Prefabs/qbos.prefab
  artifactKey: Guid(257753d3a4032ee409b4b98dbbb1f487) Importer(815301076,1909f56bfc062723c751e8b465ee728b)
Start importing Assets/Prefabs/qbos.prefab using Guid(257753d3a4032ee409b4b98dbbb1f487) Importer(815301076,1909f56bfc062723c751e8b465ee728b)  -> (artifact id: 'fbd6fdb1d769ec0f45ea3dd392ba7500') in 0.022696 seconds 
========================================================================
Received Import Request.
  Time since last request: 7.607634 seconds.
  path: Assets/Prefabs/qbos.prefab
  artifactKey: Guid(257753d3a4032ee409b4b98dbbb1f487) Importer(815301076,1909f56bfc062723c751e8b465ee728b)
Start importing Assets/Prefabs/qbos.prefab using Guid(257753d3a4032ee409b4b98dbbb1f487) Importer(815301076,1909f56bfc062723c751e8b465ee728b)  -> (artifact id: '3afd1d70044fb1160cff52a1ee2e3bd0') in 0.021127 seconds 
========================================================================
Received Import Request.
  Time since last request: 12.309563 seconds.
  path: Assets/Prefabs/qbos.prefab
  artifactKey: Guid(257753d3a4032ee409b4b98dbbb1f487) Importer(815301076,1909f56bfc062723c751e8b465ee728b)
Start importing Assets/Prefabs/qbos.prefab using Guid(257753d3a4032ee409b4b98dbbb1f487) Importer(815301076,1909f56bfc062723c751e8b465ee728b)  -> (artifact id: '5a737d2c355a5ac5473f78f2285ef93a') in 0.020646 seconds 
========================================================================
Received Import Request.
  Time since last request: 11.068039 seconds.
  path: Assets/Prefabs/qbos.prefab
  artifactKey: Guid(257753d3a4032ee409b4b98dbbb1f487) Importer(815301076,1909f56bfc062723c751e8b465ee728b)
Start importing Assets/Prefabs/qbos.prefab using Guid(257753d3a4032ee409b4b98dbbb1f487) Importer(815301076,1909f56bfc062723c751e8b465ee728b)  -> (artifact id: '509ab2c9b312ea21d5c648165c1d989b') in 0.023152 seconds 
========================================================================
Received Import Request.
  Time since last request: 5.411854 seconds.
  path: Assets/Prefabs/qbos.prefab
  artifactKey: Guid(257753d3a4032ee409b4b98dbbb1f487) Importer(815301076,1909f56bfc062723c751e8b465ee728b)
Start importing Assets/Prefabs/qbos.prefab using Guid(257753d3a4032ee409b4b98dbbb1f487) Importer(815301076,1909f56bfc062723c751e8b465ee728b)  -> (artifact id: 'f074ce02b0bff90ebc3ac0be89ce3e38') in 0.019097 seconds 
========================================================================
Received Import Request.
  Time since last request: 7.702076 seconds.
  path: Assets/Prefabs/qbos.prefab
  artifactKey: Guid(257753d3a4032ee409b4b98dbbb1f487) Importer(815301076,1909f56bfc062723c751e8b465ee728b)
Start importing Assets/Prefabs/qbos.prefab using Guid(257753d3a4032ee409b4b98dbbb1f487) Importer(815301076,1909f56bfc062723c751e8b465ee728b)  -> (artifact id: '4899879ca4bd028a856b8c4072408915') in 0.018689 seconds 
========================================================================
Received Import Request.
  Time since last request: 1.985795 seconds.
  path: Assets/Prefabs/qbos.prefab
  artifactKey: Guid(257753d3a4032ee409b4b98dbbb1f487) Importer(815301076,1909f56bfc062723c751e8b465ee728b)
Start importing Assets/Prefabs/qbos.prefab using Guid(257753d3a4032ee409b4b98dbbb1f487) Importer(815301076,1909f56bfc062723c751e8b465ee728b)  -> (artifact id: '3367a4683d9c1c6ef4059d6905f1e65f') in 0.020685 seconds 
========================================================================
Received Import Request.
  Time since last request: 2.186815 seconds.
  path: Assets/Prefabs/qbos.prefab
  artifactKey: Guid(257753d3a4032ee409b4b98dbbb1f487) Importer(815301076,1909f56bfc062723c751e8b465ee728b)
Start importing Assets/Prefabs/qbos.prefab using Guid(257753d3a4032ee409b4b98dbbb1f487) Importer(815301076,1909f56bfc062723c751e8b465ee728b)  -> (artifact id: '45732e817919f3c32670250f9cbd80af') in 0.018294 seconds 
========================================================================
Received Import Request.
  Time since last request: 3.275612 seconds.
  path: Assets/Prefabs/qbos.prefab
  artifactKey: Guid(257753d3a4032ee409b4b98dbbb1f487) Importer(815301076,1909f56bfc062723c751e8b465ee728b)
Start importing Assets/Prefabs/qbos.prefab using Guid(257753d3a4032ee409b4b98dbbb1f487) Importer(815301076,1909f56bfc062723c751e8b465ee728b)  -> (artifact id: 'b998dcd25f7af8bc72a95ae36c485b29') in 0.025277 seconds 
========================================================================
Received Import Request.
  Time since last request: 4.563020 seconds.
  path: Assets/Prefabs/qbos.prefab
  artifactKey: Guid(257753d3a4032ee409b4b98dbbb1f487) Importer(815301076,1909f56bfc062723c751e8b465ee728b)
Start importing Assets/Prefabs/qbos.prefab using Guid(257753d3a4032ee409b4b98dbbb1f487) Importer(815301076,1909f56bfc062723c751e8b465ee728b)  -> (artifact id: 'a1e4ef2c9af6bac21920b64231512f42') in 0.018198 seconds 
========================================================================
Received Import Request.
  Time since last request: 4.633590 seconds.
  path: Assets/Prefabs/qbos.prefab
  artifactKey: Guid(257753d3a4032ee409b4b98dbbb1f487) Importer(815301076,1909f56bfc062723c751e8b465ee728b)
Start importing Assets/Prefabs/qbos.prefab using Guid(257753d3a4032ee409b4b98dbbb1f487) Importer(815301076,1909f56bfc062723c751e8b465ee728b)  -> (artifact id: '4a6d11aa53fad0a138130a7ea829b58e') in 0.018121 seconds 
========================================================================
Received Import Request.
  Time since last request: 25.114002 seconds.
  path: Assets/Prefabs/qbos.prefab
  artifactKey: Guid(257753d3a4032ee409b4b98dbbb1f487) Importer(815301076,1909f56bfc062723c751e8b465ee728b)
Start importing Assets/Prefabs/qbos.prefab using Guid(257753d3a4032ee409b4b98dbbb1f487) Importer(815301076,1909f56bfc062723c751e8b465ee728b)  -> (artifact id: '10b80a81585bf93739d594a66a716808') in 0.027137 seconds 
========================================================================
Received Import Request.
  Time since last request: 8.303003 seconds.
  path: Assets/Prefabs/qbos.prefab
  artifactKey: Guid(257753d3a4032ee409b4b98dbbb1f487) Importer(815301076,1909f56bfc062723c751e8b465ee728b)
Start importing Assets/Prefabs/qbos.prefab using Guid(257753d3a4032ee409b4b98dbbb1f487) Importer(815301076,1909f56bfc062723c751e8b465ee728b)  -> (artifact id: 'f6a1086743f7b47d43b25f0cfcc76875') in 0.020438 seconds 
========================================================================
Received Prepare
Refreshing native plugins compatible for Editor in 29.23 ms, found 9 plugins.
Preloading 0 native plugins for Editor in 0.00 ms.
Unloading 49 Unused Serialized files (Serialized files now loaded: 0)
Unloading 49 unused Assets / (488.9 KB). Loaded Objects now: 6873.
Memory consumption went from 126.5 MB to 126.0 MB.
Total: 7.031200 ms (FindLiveObjects: 0.790900 ms CreateObjectMapping: 0.385100 ms MarkObjects: 5.193300 ms  DeleteObjects: 0.659900 ms)

AssetImportParameters requested are different than current active one (requested -> active):
  custom:video-decoder-ogg-theora: a1e56fd34408186e4bbccfd4996cb3dc -> 
  custom:container-muxer-webm: aa71ff27fc2769a1b78a27578f13a17b -> 
  custom:container-demuxer-webm: 4f35f7cbe854078d1ac9338744f61a02 -> 
  custom:video-encoder-webm-vp8: eb34c28f22e8b96e1ab97ce403110664 -> 
  custom:audio-encoder-webm-vorbis: bf7c407c2cedff20999df2af8eb42d56 -> 
  custom:framework-win-MediaFoundation: 216162199b28c13a410421893ffa2e32 -> 
  custom:container-demuxer-ogg: 62fdf1f143b41e24485cea50d1cbac27 -> 
  custom:video-decoder-webm-vp8: 9c59270c3fd7afecdb556c50c9e8de78 -> 
  custom:audio-decoder-ogg-vorbis: bf7c407c2cedff20999df2af8eb42d56 -> 
========================================================================
Received Import Request.
  Time since last request: 78.604017 seconds.
  path: Assets/ImageMarkerLibrary.asset
  artifactKey: Guid(543d7b4ec01c26946944b694330cab0c) Importer(815301076,1909f56bfc062723c751e8b465ee728b)
Start importing Assets/ImageMarkerLibrary.asset using Guid(543d7b4ec01c26946944b694330cab0c) Importer(815301076,1909f56bfc062723c751e8b465ee728b)  -> (artifact id: 'c23930303febd5c7beadd6581b1a6d03') in 0.117191 seconds 
========================================================================
Received Import Request.
  Time since last request: 886.355627 seconds.
  path: Assets/Render Pipeline/Render Pipeline.asset
  artifactKey: Guid(18bd616cd0128c643bbcd99453bdc34d) Importer(815301076,1909f56bfc062723c751e8b465ee728b)
Start importing Assets/Render Pipeline/Render Pipeline.asset using Guid(18bd616cd0128c643bbcd99453bdc34d) Importer(815301076,1909f56bfc062723c751e8b465ee728b)  -> (artifact id: 'b49e3bef2cecec52ddda181a49c6a616') in 0.011194 seconds 
========================================================================
Received Import Request.
  Time since last request: 72.313432 seconds.
  path: Assets/Mats/Black.mat
  artifactKey: Guid(16366b808b22c924abc54ae9224f2ed6) Importer(815301076,1909f56bfc062723c751e8b465ee728b)
Start importing Assets/Mats/Black.mat using Guid(16366b808b22c924abc54ae9224f2ed6) Importer(815301076,1909f56bfc062723c751e8b465ee728b)  -> (artifact id: '88a5896b9af21eb887c89ef860f340a1') in 0.974892 seconds 
Editor requested this worker to shutdown with reason: Scaling down because of idle timeout
AssetImportWorker is now disconnected from the server
Process exiting
Exiting without the bug reporter. Application will terminate with return code 0